#
# A fatal error has been detected by the Java Runtime Environment:
#
#  EXCEPTION_ACCESS_VIOLATION (0xc0000005) at pc=0x000007fed9b2bb70, pid=6272, tid=6460
#
# JRE version: OpenJDK Runtime Environment (11.0.8+10) (build 11.0.8+10-b944.6842174)
# Java VM: OpenJDK 64-Bit Server VM (11.0.8+10-b944.6842174, mixed mode, tiered, compressed oops, g1 gc, windows-amd64)
# Problematic frame:
# V  [jvm.dll+0x1cbb70]
#
# No core dump will be written. Minidumps are not enabled by default on client versions of Windows
#
# If you would like to submit a bug report, please visit:
#   https://bugreport.java.com/bugreport/crash.jsp
#

---------------  S U M M A R Y ------------

Command Line: --add-opens=java.base/java.util=ALL-UNNAMED --add-opens=java.base/java.lang=ALL-UNNAMED --add-opens=java.base/java.lang.invoke=ALL-UNNAMED --add-opens=java.prefs/java.util.prefs=ALL-UNNAMED -Xmx1536M -Dfile.encoding=windows-1252 -Duser.country=IN -Duser.language=en -Duser.variant org.gradle.launcher.daemon.bootstrap.GradleDaemon 6.7

Host: Intel(R) Core(TM) i5-4210U CPU @ 1.70GHz, 4 cores, 11G,  Windows 7 , 64 bit Build 7601 (6.1.7601.17514)
Time: Mon Sep  6 18:59:00 2021 India Standard Time elapsed time: 39 seconds (0d 0h 0m 39s)

---------------  T H R E A D  ---------------

Current thread (0x000000005dc00800):  GCTaskThread "GC Thread#1" [stack: 0x000000005e330000,0x000000005e430000] [id=6460]

Stack: [0x000000005e330000,0x000000005e430000],  sp=0x000000005e42fc00,  free space=1023k
Native frames: (J=compiled Java code, j=interpreted, Vv=VM code, C=native code)
V  [jvm.dll+0x1cbb70]
V  [jvm.dll+0x2da77d]
V  [jvm.dll+0x2dac5c]
V  [jvm.dll+0x7384e0]
V  [jvm.dll+0x6d3895]
V  [jvm.dll+0x5dd4a6]
C  [ucrtbase.DLL+0x682dd]
C  [kernel32.dll+0x1652d]
C  [ntdll.dll+0x2c521]


siginfo: EXCEPTION_ACCESS_VIOLATION (0xc0000005), reading address 0x000040001bcfe4b0


Register to memory mapping:

RIP=0x000007fed9b2bb70 jvm.dll
RAX=0x000000001bcfede8 is pointing into metadata
RBX=0x000040001bcfe420 is an unknown value
RCX=0x000000005c78eb98 points into unknown readable memory: 20 e4 cf 1b 00 40 00 00
RDX=0x000000005e42fbc0 points into unknown readable memory: b8 dc 1a da fe 07 00 00
RSP=0x000000005e42fc00 points into unknown readable memory: d8 03 00 00 00 00 00 00
RBP=0x000000005c638150 points into unknown readable memory: 48 d1 14 da fe 07 00 00
RSI=0x000000005c638140 points into unknown readable memory: 00 00 00 00 00 00 00 00
RDI=0x000000005c78eb98 points into unknown readable memory: 20 e4 cf 1b 00 40 00 00
R8 =0x0 is NULL
R9 =0x0 is NULL
R10=0x0 is NULL
R11=0x00000000709c4408 is pointing into metadata
R12=0x0 is NULL
R13=0x0 is NULL
R14=0x000000005c638528 points into unknown readable memory: 14 7d 2b 36 86 00 00 88
R15=0x00000000000003d8 is an unknown value


Registers:
RAX=0x000000001bcfede8, RBX=0x000040001bcfe420, RCX=0x000000005c78eb98, RDX=0x000000005e42fbc0
RSP=0x000000005e42fc00, RBP=0x000000005c638150, RSI=0x000000005c638140, RDI=0x000000005c78eb98
R8 =0x0000000000000000, R9 =0x0000000000000000, R10=0x0000000000000000, R11=0x00000000709c4408
R12=0x0000000000000000, R13=0x0000000000000000, R14=0x000000005c638528, R15=0x00000000000003d8
RIP=0x000007fed9b2bb70, EFLAGS=0x0000000000010202

Top of Stack: (sp=0x000000005e42fc00)
0x000000005e42fc00:   00000000000003d8 0000000000000006
0x000000005e42fc10:   000000001bcfec88 000000001bcfec88
0x000000005e42fc20:   000000005dda4190 000007fed9c3a77d
0x000000005e42fc30:   000000005c78eb90 000000005dda4190
0x000000005e42fc40:   000000005c78eb90 0000000000000000
0x000000005e42fc50:   0000000000000000 000000005dc00800
0x000000005e42fc60:   00000000002d6ad0 000007fed9c3ac5c
0x000000005e42fc70:   0000000000000000 000000005c78eac0
0x000000005e42fc80:   0000000000000002 00000000002d6ad0
0x000000005e42fc90:   00000000000075a3 000007feda0984e0
0x000000005e42fca0:   000000005dc00800 000000005e42fdd0
0x000000005e42fcb0:   000000005dd7a930 00000000000075a3
0x000000005e42fcc0:   000000005c78eac0 0000000000000002
0x000000005e42fcd0:   0000000000000000 0000000000000000
0x000000005e42fce0:   000000005dc00800 000007feda033895
0x000000005e42fcf0:   00000000ffffffff 0000000018d30000 

Instructions: (pc=0x000007fed9b2bb70)
0x000007fed9b2ba70:   8b 47 28 83 f8 01 0f 84 8c 00 00 00 8b 13 3b 53
0x000007fed9b2ba80:   04 75 08 48 8b cb e8 25 e1 19 00 48 63 0b 8d 41
0x000007fed9b2ba90:   01 89 03 48 8b 43 18 48 89 3c c8 48 83 3d 75 5f
0x000007fed9b2baa0:   81 00 00 74 63 ba 50 00 00 00 48 8d 4c 24 20 e8
0x000007fed9b2bab0:   ec 33 41 00 48 8d 4c 24 58 48 89 74 24 20 e8 cd
0x000007fed9b2bac0:   24 32 00 48 8d 15 ce 72 62 00 c7 84 24 b0 00 00
0x000007fed9b2bad0:   00 02 00 00 00 48 8d 4c 24 20 48 89 ac 24 b8 00
0x000007fed9b2bae0:   00 00 e8 c9 4a 41 00 48 8d 54 24 20 48 8b cf e8
0x000007fed9b2baf0:   bc 07 00 00 48 8d 4c 24 20 e8 92 3c 41 00 48 8d
0x000007fed9b2bb00:   4c 24 20 e8 a8 24 32 00 48 8b 7f 70 48 3b 3d 7d
0x000007fed9b2bb10:   5e 81 00 0f 85 57 ff ff ff 48 8b b4 24 e8 00 00
0x000007fed9b2bb20:   00 48 8b ac 24 e0 00 00 00 48 8b c3 48 8b 8c 24
0x000007fed9b2bb30:   c0 00 00 00 48 33 cc e8 f4 f1 56 00 48 8b 9c 24
0x000007fed9b2bb40:   f0 00 00 00 48 81 c4 d0 00 00 00 5f c3 cc cc cc
0x000007fed9b2bb50:   48 89 5c 24 08 57 48 83 ec 20 48 8b 19 48 8b f9
0x000007fed9b2bb60:   48 85 db 74 4c 66 66 66 0f 1f 84 00 00 00 00 00
0x000007fed9b2bb70:   48 8b 8b 90 00 00 00 48 85 c9 75 19 48 8b 83 98
0x000007fed9b2bb80:   00 00 00 48 8b 40 70 48 85 c0 74 09 48 8b 48 38
0x000007fed9b2bb90:   48 85 c9 74 ee 48 8b 05 24 f2 7c 00 4c 8b c3 48
0x000007fed9b2bba0:   8b d7 ff d0 48 3b c3 74 15 48 8b d8 48 85 c0 75
0x000007fed9b2bbb0:   bf 33 c0 48 8b 5c 24 30 48 83 c4 20 5f c3 48 8b
0x000007fed9b2bbc0:   c3 48 8b 5c 24 30 48 83 c4 20 5f c3 cc cc cc cc
0x000007fed9b2bbd0:   48 89 5c 24 08 57 48 83 ec 20 48 8b d9 48 8b fa
0x000007fed9b2bbe0:   48 8b 09 48 85 c9 74 05 e8 c3 cb 0f 00 48 89 3b
0x000007fed9b2bbf0:   48 8b 5c 24 30 48 83 c4 20 5f c3 cc cc cc cc cc
0x000007fed9b2bc00:   48 89 74 24 20 41 56 48 83 ec 20 48 8b 31 4c 8b
0x000007fed9b2bc10:   f2 48 85 f6 74 73 44 8b 8e 00 01 00 00 4c 8b c6
0x000007fed9b2bc20:   e8 5b 01 00 00 48 8b b6 08 01 00 00 48 85 f6 74
0x000007fed9b2bc30:   58 48 89 5c 24 30 48 89 6c 24 38 48 89 7c 24 40
0x000007fed9b2bc40:   8b ae 00 01 00 00 33 db 85 ed 74 22 48 8b fe 90
0x000007fed9b2bc50:   48 83 3f 00 74 0e 4d 8b 06 48 8d 14 de 49 8b ce
0x000007fed9b2bc60:   41 ff 50 08 ff c3 48 83 c7 08 3b dd 72 e2 48 8b 


Stack slot to memory mapping:
stack at sp + 0 slots: 0x00000000000003d8 is an unknown value
stack at sp + 1 slots: 0x0000000000000006 is an unknown value
stack at sp + 2 slots: 0x000000001bcfec88 is a pointer to class: 
java.lang.invoke.VarHandleInts$FieldInstanceReadWrite {0x000000001bcfec90}
stack at sp + 3 slots: 0x000000001bcfec88 is a pointer to class: 
java.lang.invoke.VarHandleInts$FieldInstanceReadWrite {0x000000001bcfec90}
stack at sp + 4 slots: 0x000000005dda4190 points into unknown readable memory: 02 00 00 00 00 00 00 00
stack at sp + 5 slots: 0x000007fed9c3a77d jvm.dll
stack at sp + 6 slots: 0x000000005c78eb90 points into unknown readable memory: 01 00 00 00 ff ff ff ff
stack at sp + 7 slots: 0x000000005dda4190 points into unknown readable memory: 02 00 00 00 00 00 00 00


---------------  P R O C E S S  ---------------

Threads class SMR info:
_java_thread_list=0x00000000659b8fe0, length=139, elements={
0x00000000002f8000, 0x000000005c5ea000, 0x000000005c5f3800, 0x000000005c60a800,
0x000000005c60d800, 0x000000005c611800, 0x000000005c613000, 0x000000005c660800,
0x000000005d068000, 0x000000005d070000, 0x000000005f1a0000, 0x000000005d1ab800,
0x000000005d333000, 0x000000005e023000, 0x000000005d0bd800, 0x000000005d0be000,
0x000000005d0c7000, 0x000000005d201800, 0x000000005f45b000, 0x000000005d1f9800,
0x000000005d969000, 0x000000005d969800, 0x000000005d96a800, 0x000000005d96b800,
0x000000005e84e800, 0x000000005e84f800, 0x000000005e850800, 0x000000005e851000,
0x0000000060062800, 0x0000000060063800, 0x0000000060065000, 0x0000000060066000,
0x0000000060067000, 0x0000000060067800, 0x0000000060068800, 0x0000000060069000,
0x0000000062b91800, 0x0000000062b92800, 0x0000000062b93800, 0x0000000062b94000,
0x0000000062b95000, 0x0000000062b96000, 0x0000000062b96800, 0x0000000062b97800,
0x0000000062b98800, 0x0000000062dd3800, 0x0000000062dd4800, 0x0000000062dd5800,
0x0000000062dd6000, 0x0000000062dd7000, 0x0000000062dd7800, 0x0000000062dd8800,
0x0000000062dd9800, 0x0000000062dda000, 0x0000000062b79800, 0x0000000062b7a800,
0x0000000062b7b800, 0x0000000062b7c000, 0x0000000062b7d000, 0x0000000062b7e000,
0x0000000062b7e800, 0x0000000062b7f800, 0x0000000062b80000, 0x0000000063622000,
0x0000000063623000, 0x0000000063623800, 0x0000000063624800, 0x0000000063625800,
0x0000000063626000, 0x0000000063627000, 0x0000000063627800, 0x0000000063628800,
0x0000000065335000, 0x0000000065335800, 0x0000000065336800, 0x0000000065337800,
0x0000000065338000, 0x0000000065339000, 0x000000006533a000, 0x000000006533a800,
0x000000006533b800, 0x0000000065689800, 0x000000006568a000, 0x000000006568b000,
0x000000006568b800, 0x000000006568c800, 0x000000006568d800, 0x000000006568e000,
0x000000006568f000, 0x0000000065690000, 0x0000000062db4000, 0x0000000062db5000,
0x0000000062db6000, 0x0000000062db6800, 0x0000000062db7800, 0x0000000062db8000,
0x0000000062db9000, 0x0000000062dba000, 0x0000000062dba800, 0x0000000062c81000,
0x0000000062c82000, 0x0000000062c83000, 0x0000000062c83800, 0x0000000062c84800,
0x0000000062c85800, 0x0000000062c86000, 0x0000000062c87000, 0x0000000062c87800,
0x0000000062ca3000, 0x0000000062ca4000, 0x0000000062ca5000, 0x0000000062ca5800,
0x0000000062ca6800, 0x0000000062ca7800, 0x0000000062ca8000, 0x0000000062ca9000,
0x0000000062ca9800, 0x000000006552a800, 0x000000006552b800, 0x000000006552c800,
0x000000006552d000, 0x000000006552e000, 0x000000006552f000, 0x000000006552f800,
0x0000000065530800, 0x0000000065531000, 0x000000005de6d000, 0x000000005de6e000,
0x000000005de6e800, 0x000000005de6f800, 0x000000005de70000, 0x000000005de71000,
0x000000005de72000, 0x000000005de72800, 0x000000005de73800, 0x000000006332a800,
0x000000006332b800, 0x000000006332c000, 0x0000000065aa9800
}

Java Threads: ( => current thread )
  0x00000000002f8000 JavaThread "main" [_thread_blocked, id=3280, stack(0x0000000002210000,0x0000000002310000)]
  0x000000005c5ea000 JavaThread "Reference Handler" daemon [_thread_blocked, id=6912, stack(0x000000005c830000,0x000000005c930000)]
  0x000000005c5f3800 JavaThread "Finalizer" daemon [_thread_blocked, id=5980, stack(0x000000001b810000,0x000000001b910000)]
  0x000000005c60a800 JavaThread "Signal Dispatcher" daemon [_thread_blocked, id=2056, stack(0x000000005ca90000,0x000000005cb90000)]
  0x000000005c60d800 JavaThread "Attach Listener" daemon [_thread_blocked, id=7136, stack(0x000000001ba40000,0x000000001bb40000)]
  0x000000005c611800 JavaThread "C2 CompilerThread0" daemon [_thread_blocked, id=5708, stack(0x000000005cbd0000,0x000000005ccd0000)]
  0x000000005c613000 JavaThread "C1 CompilerThread0" daemon [_thread_blocked, id=7716, stack(0x000000005cd90000,0x000000005ce90000)]
  0x000000005c660800 JavaThread "Sweeper thread" daemon [_thread_blocked, id=6540, stack(0x000000005ce90000,0x000000005cf90000)]
  0x000000005d068000 JavaThread "Common-Cleaner" daemon [_thread_blocked, id=7496, stack(0x000000005d420000,0x000000005d520000)]
  0x000000005d070000 JavaThread "Service Thread" daemon [_thread_blocked, id=8176, stack(0x000000005d560000,0x000000005d660000)]
  0x000000005f1a0000 JavaThread "Daemon health stats" [_thread_blocked, id=6792, stack(0x000000005e180000,0x000000005e280000)]
  0x000000005d1ab800 JavaThread "Incoming local TCP Connector on port 51848" [_thread_in_native, id=7844, stack(0x0000000060b40000,0x0000000060c40000)]
  0x000000005d333000 JavaThread "Daemon periodic checks" [_thread_blocked, id=3416, stack(0x0000000061250000,0x0000000061350000)]
  0x000000005e023000 JavaThread "Daemon" [_thread_blocked, id=1076, stack(0x0000000061550000,0x0000000061650000)]
  0x000000005d0bd800 JavaThread "Handler for socket connection from /127.0.0.1:51848 to /127.0.0.1:51859" [_thread_in_native, id=4960, stack(0x0000000061680000,0x0000000061780000)]
  0x000000005d0be000 JavaThread "Cancel handler" [_thread_blocked, id=3976, stack(0x00000000617a0000,0x00000000618a0000)]
  0x000000005d0c7000 JavaThread "Daemon worker" [_thread_blocked, id=2592, stack(0x0000000061990000,0x0000000061a90000)]
  0x000000005d201800 JavaThread "Asynchronous log dispatcher for DefaultDaemonConnection: socket connection from /127.0.0.1:51848 to /127.0.0.1:51859" [_thread_blocked, id=928, stack(0x0000000061b00000,0x0000000061c00000)]
  0x000000005f45b000 JavaThread "Stdin handler" [_thread_blocked, id=7556, stack(0x0000000061c90000,0x0000000061d90000)]
  0x000000005d1f9800 JavaThread "Thread-8" [_thread_blocked, id=7332, stack(0x0000000061ef0000,0x0000000061ff0000)]
  0x000000005d969000 JavaThread "Cache worker for file hash cache (C:\Users\Ragu\.gradle\caches\6.7\fileHashes)" [_thread_blocked, id=4260, stack(0x0000000062290000,0x0000000062390000)]
  0x000000005d969800 JavaThread "File lock request listener" [_thread_in_native, id=4156, stack(0x0000000060f20000,0x0000000061020000)]
  0x000000005d96a800 JavaThread "Cache worker for journal cache (C:\Users\Ragu\.gradle\caches\journal-1)" [_thread_blocked, id=5508, stack(0x0000000062460000,0x0000000062560000)]
  0x000000005d96b800 JavaThread "Cache worker for file hash cache (C:\Users\Ragu\AndroidStudioProjects\queuemanagement\android\.gradle\6.7\fileHashes)" [_thread_blocked, id=5328, stack(0x0000000063a10000,0x0000000063b10000)]
  0x000000005e84e800 JavaThread "Cache worker for checksums cache (C:\Users\Ragu\AndroidStudioProjects\queuemanagement\android\.gradle\checksums)" [_thread_blocked, id=7888, stack(0x0000000063da0000,0x0000000063ea0000)]
  0x000000005e84f800 JavaThread "Cache worker for cache directory md-supplier (C:\Users\Ragu\.gradle\caches\6.7\md-supplier)" [_thread_blocked, id=7968, stack(0x0000000063fa0000,0x00000000640a0000)]
  0x000000005e850800 JavaThread "Cache worker for cache directory md-rule (C:\Users\Ragu\.gradle\caches\6.7\md-rule)" [_thread_blocked, id=7940, stack(0x00000000641a0000,0x00000000642a0000)]
  0x000000005e851000 JavaThread "Cache worker for execution history cache (C:\Users\Ragu\.gradle\caches\6.7\executionHistory)" [_thread_blocked, id=5872, stack(0x0000000063ea0000,0x0000000063fa0000)]
  0x0000000060062800 JavaThread "jar transforms" [_thread_blocked, id=1252, stack(0x0000000064960000,0x0000000064a60000)]
  0x0000000060063800 JavaThread "Cache worker for file content cache (C:\Users\Ragu\.gradle\caches\6.7\fileContent)" [_thread_blocked, id=5420, stack(0x00000000640a0000,0x00000000641a0000)]
  0x0000000060065000 JavaThread "Cache worker for Build Output Cleanup Cache (C:\Users\Ragu\AndroidStudioProjects\queuemanagement\android\.gradle\buildOutputCleanup)" [_thread_blocked, id=1336, stack(0x0000000061dc0000,0x0000000061ec0000)]
  0x0000000060066000 JavaThread "Build operations" [_thread_blocked, id=6440, stack(0x0000000066530000,0x0000000066630000)]
  0x0000000060067000 JavaThread "Build operations Thread 2" [_thread_blocked, id=7468, stack(0x00000000666e0000,0x00000000667e0000)]
  0x0000000060067800 JavaThread "Build operations Thread 3" [_thread_blocked, id=3576, stack(0x0000000061140000,0x0000000061240000)]
  0x0000000060068800 JavaThread "Build operations Thread 4" [_thread_blocked, id=4772, stack(0x0000000066880000,0x0000000066980000)]
  0x0000000060069000 JavaThread "jar transforms Thread 2" [_thread_blocked, id=5936, stack(0x0000000066b40000,0x0000000066c40000)]
  0x0000000062b91800 JavaThread "jar transforms Thread 3" [_thread_blocked, id=6268, stack(0x0000000066cf0000,0x0000000066df0000)]
  0x0000000062b92800 JavaThread "jar transforms Thread 4" [_thread_blocked, id=5948, stack(0x0000000066df0000,0x0000000066ef0000)]
  0x0000000062b93800 JavaThread "jar transforms Thread 5" [_thread_blocked, id=2788, stack(0x0000000066f30000,0x0000000067030000)]
  0x0000000062b94000 JavaThread "jar transforms Thread 6" [_thread_blocked, id=6380, stack(0x00000000670b0000,0x00000000671b0000)]
  0x0000000062b95000 JavaThread "jar transforms Thread 7" [_thread_blocked, id=4164, stack(0x0000000067230000,0x0000000067330000)]
  0x0000000062b96000 JavaThread "jar transforms Thread 8" [_thread_blocked, id=6264, stack(0x0000000066a20000,0x0000000066b20000)]
  0x0000000062b96800 JavaThread "jar transforms Thread 9" [_thread_blocked, id=5916, stack(0x00000000673e0000,0x00000000674e0000)]
  0x0000000062b97800 JavaThread "jar transforms Thread 10" [_thread_blocked, id=4484, stack(0x0000000067690000,0x0000000067790000)]
  0x0000000062b98800 JavaThread "jar transforms Thread 11" [_thread_blocked, id=6376, stack(0x0000000067850000,0x0000000067950000)]
  0x0000000062dd3800 JavaThread "jar transforms Thread 12" [_thread_blocked, id=2560, stack(0x00000000679e0000,0x0000000067ae0000)]
  0x0000000062dd4800 JavaThread "jar transforms Thread 13" [_thread_blocked, id=1712, stack(0x0000000067af0000,0x0000000067bf0000)]
  0x0000000062dd5800 JavaThread "jar transforms Thread 14" [_thread_blocked, id=7860, stack(0x0000000067c60000,0x0000000067d60000)]
  0x0000000062dd6000 JavaThread "jar transforms Thread 15" [_thread_blocked, id=4684, stack(0x00000000650b0000,0x00000000651b0000)]
  0x0000000062dd7000 JavaThread "jar transforms Thread 16" [_thread_blocked, id=7948, stack(0x0000000067d90000,0x0000000067e90000)]
  0x0000000062dd7800 JavaThread "jar transforms Thread 17" [_thread_blocked, id=3552, stack(0x0000000067e90000,0x0000000067f90000)]
  0x0000000062dd8800 JavaThread "jar transforms Thread 18" [_thread_blocked, id=6168, stack(0x0000000067fd0000,0x00000000680d0000)]
  0x0000000062dd9800 JavaThread "jar transforms Thread 19" [_thread_blocked, id=6224, stack(0x0000000067560000,0x0000000067660000)]
  0x0000000062dda000 JavaThread "jar transforms Thread 20" [_thread_blocked, id=4968, stack(0x0000000068110000,0x0000000068210000)]
  0x0000000062b79800 JavaThread "jar transforms Thread 21" [_thread_blocked, id=4904, stack(0x00000000683a0000,0x00000000684a0000)]
  0x0000000062b7a800 JavaThread "jar transforms Thread 22" [_thread_blocked, id=7264, stack(0x00000000684e0000,0x00000000685e0000)]
  0x0000000062b7b800 JavaThread "jar transforms Thread 23" [_thread_blocked, id=6560, stack(0x0000000068280000,0x0000000068380000)]
  0x0000000062b7c000 JavaThread "jar transforms Thread 24" [_thread_blocked, id=6764, stack(0x0000000068610000,0x0000000068710000)]
  0x0000000062b7d000 JavaThread "jar transforms Thread 25" [_thread_blocked, id=4760, stack(0x0000000068790000,0x0000000068890000)]
  0x0000000062b7e000 JavaThread "jar transforms Thread 26" [_thread_blocked, id=4568, stack(0x0000000068990000,0x0000000068a90000)]
  0x0000000062b7e800 JavaThread "jar transforms Thread 27" [_thread_blocked, id=5992, stack(0x0000000068bf0000,0x0000000068cf0000)]
  0x0000000062b7f800 JavaThread "jar transforms Thread 28" [_thread_blocked, id=7292, stack(0x0000000068f30000,0x0000000069030000)]
  0x0000000062b80000 JavaThread "jar transforms Thread 29" [_thread_blocked, id=6344, stack(0x0000000069130000,0x0000000069230000)]
  0x0000000063622000 JavaThread "jar transforms Thread 30" [_thread_blocked, id=6556, stack(0x0000000068ad0000,0x0000000068bd0000)]
  0x0000000063623000 JavaThread "jar transforms Thread 31" [_thread_blocked, id=6936, stack(0x00000000693c0000,0x00000000694c0000)]
  0x0000000063623800 JavaThread "jar transforms Thread 32" [_thread_blocked, id=4700, stack(0x00000000692b0000,0x00000000693b0000)]
  0x0000000063624800 JavaThread "jar transforms Thread 33" [_thread_blocked, id=6844, stack(0x00000000694d0000,0x00000000695d0000)]
  0x0000000063625800 JavaThread "jar transforms Thread 34" [_thread_blocked, id=6916, stack(0x00000000697a0000,0x00000000698a0000)]
  0x0000000063626000 JavaThread "jar transforms Thread 35" [_thread_blocked, id=6872, stack(0x00000000695f0000,0x00000000696f0000)]
  0x0000000063627000 JavaThread "jar transforms Thread 36" [_thread_blocked, id=3304, stack(0x0000000069a50000,0x0000000069b50000)]
  0x0000000063627800 JavaThread "jar transforms Thread 37" [_thread_blocked, id=7584, stack(0x00000000698d0000,0x00000000699d0000)]
  0x0000000063628800 JavaThread "jar transforms Thread 38" [_thread_blocked, id=5468, stack(0x0000000069bc0000,0x0000000069cc0000)]
  0x0000000065335000 JavaThread "jar transforms Thread 39" [_thread_blocked, id=7308, stack(0x0000000069e30000,0x0000000069f30000)]
  0x0000000065335800 JavaThread "jar transforms Thread 40" [_thread_blocked, id=3612, stack(0x0000000069f70000,0x000000006a070000)]
  0x0000000065336800 JavaThread "jar transforms Thread 41" [_thread_blocked, id=5444, stack(0x000000006a0f0000,0x000000006a1f0000)]
  0x0000000065337800 JavaThread "jar transforms Thread 42" [_thread_blocked, id=5140, stack(0x0000000069d30000,0x0000000069e30000)]
  0x0000000065338000 JavaThread "jar transforms Thread 43" [_thread_blocked, id=5244, stack(0x000000006a290000,0x000000006a390000)]
  0x0000000065339000 JavaThread "jar transforms Thread 44" [_thread_blocked, id=4988, stack(0x000000006a530000,0x000000006a630000)]
  0x000000006533a000 JavaThread "jar transforms Thread 45" [_thread_blocked, id=3480, stack(0x000000006a6a0000,0x000000006a7a0000)]
  0x000000006533a800 JavaThread "jar transforms Thread 46" [_thread_blocked, id=7048, stack(0x000000006a430000,0x000000006a530000)]
  0x000000006533b800 JavaThread "jar transforms Thread 47" [_thread_blocked, id=2304, stack(0x000000006a810000,0x000000006a910000)]
  0x0000000065689800 JavaThread "jar transforms Thread 48" [_thread_blocked, id=1620, stack(0x000000006aa80000,0x000000006ab80000)]
  0x000000006568a000 JavaThread "jar transforms Thread 49" [_thread_blocked, id=6512, stack(0x000000006ac80000,0x000000006ad80000)]
  0x000000006568b000 JavaThread "jar transforms Thread 50" [_thread_blocked, id=7004, stack(0x000000006aeb0000,0x000000006afb0000)]
  0x000000006568b800 JavaThread "jar transforms Thread 51" [_thread_blocked, id=4612, stack(0x000000006b0b0000,0x000000006b1b0000)]
  0x000000006568c800 JavaThread "jar transforms Thread 52" [_thread_blocked, id=8124, stack(0x000000006b220000,0x000000006b320000)]
  0x000000006568d800 JavaThread "jar transforms Thread 53" [_thread_blocked, id=2352, stack(0x000000006afb0000,0x000000006b0b0000)]
  0x000000006568e000 JavaThread "jar transforms Thread 54" [_thread_blocked, id=8076, stack(0x000000006b3f0000,0x000000006b4f0000)]
  0x000000006568f000 JavaThread "jar transforms Thread 55" [_thread_blocked, id=6008, stack(0x000000006a960000,0x000000006aa60000)]
  0x0000000065690000 JavaThread "jar transforms Thread 56" [_thread_blocked, id=6732, stack(0x000000006b520000,0x000000006b620000)]
  0x0000000062db4000 JavaThread "jar transforms Thread 57" [_thread_blocked, id=6808, stack(0x0000000069030000,0x0000000069130000)]
  0x0000000062db5000 JavaThread "jar transforms Thread 58" [_thread_blocked, id=3960, stack(0x000000006b6d0000,0x000000006b7d0000)]
  0x0000000062db6000 JavaThread "jar transforms Thread 59" [_thread_blocked, id=6360, stack(0x000000006b7d0000,0x000000006b8d0000)]
  0x0000000062db6800 JavaThread "jar transforms Thread 60" [_thread_blocked, id=5108, stack(0x000000006ad80000,0x000000006ae80000)]
  0x0000000062db7800 JavaThread "jar transforms Thread 61" [_thread_blocked, id=5860, stack(0x000000006b9e0000,0x000000006bae0000)]
  0x0000000062db8000 JavaThread "jar transforms Thread 62" [_thread_blocked, id=7304, stack(0x000000006bbd0000,0x000000006bcd0000)]
  0x0000000062db9000 JavaThread "jar transforms Thread 63" [_thread_blocked, id=572, stack(0x000000006bdd0000,0x000000006bed0000)]
  0x0000000062dba000 JavaThread "jar transforms Thread 64" [_thread_blocked, id=2680, stack(0x000000006bf40000,0x000000006c040000)]
  0x0000000062dba800 JavaThread "jar transforms Thread 65" [_thread_blocked, id=2924, stack(0x000000006c160000,0x000000006c260000)]
  0x0000000062c81000 JavaThread "jar transforms Thread 66" [_thread_blocked, id=2456, stack(0x000000006c330000,0x000000006c430000)]
  0x0000000062c82000 JavaThread "jar transforms Thread 67" [_thread_blocked, id=396, stack(0x000000006c050000,0x000000006c150000)]
  0x0000000062c83000 JavaThread "jar transforms Thread 68" [_thread_blocked, id=6000, stack(0x000000006c540000,0x000000006c640000)]
  0x0000000062c83800 JavaThread "jar transforms Thread 69" [_thread_blocked, id=6372, stack(0x000000006c720000,0x000000006c820000)]
  0x0000000062c84800 JavaThread "jar transforms Thread 70" [_thread_blocked, id=3300, stack(0x000000006b8d0000,0x000000006b9d0000)]
  0x0000000062c85800 JavaThread "jar transforms Thread 71" [_thread_blocked, id=7728, stack(0x000000006c940000,0x000000006ca40000)]
  0x0000000062c86000 JavaThread "jar transforms Thread 72" [_thread_blocked, id=6048, stack(0x000000006cb00000,0x000000006cc00000)]
  0x0000000062c87000 JavaThread "jar transforms Thread 73" [_thread_blocked, id=7808, stack(0x000000006ccb0000,0x000000006cdb0000)]
  0x0000000062c87800 JavaThread "jar transforms Thread 74" [_thread_blocked, id=2980, stack(0x000000006ce90000,0x000000006cf90000)]
  0x0000000062ca3000 JavaThread "jar transforms Thread 75" [_thread_blocked, id=1232, stack(0x000000006bcd0000,0x000000006bdd0000)]
  0x0000000062ca4000 JavaThread "jar transforms Thread 76" [_thread_blocked, id=5432, stack(0x000000006c440000,0x000000006c540000)]
  0x0000000062ca5000 JavaThread "jar transforms Thread 77" [_thread_blocked, id=7236, stack(0x000000006c820000,0x000000006c920000)]
  0x0000000062ca5800 JavaThread "jar transforms Thread 78" [_thread_blocked, id=1872, stack(0x000000006d150000,0x000000006d250000)]
  0x0000000062ca6800 JavaThread "jar transforms Thread 79" [_thread_blocked, id=1380, stack(0x000000006d340000,0x000000006d440000)]
  0x0000000062ca7800 JavaThread "jar transforms Thread 80" [_thread_blocked, id=7356, stack(0x0000000068890000,0x0000000068990000)]
  0x0000000062ca8000 JavaThread "jar transforms Thread 81" [_thread_blocked, id=4908, stack(0x000000006d040000,0x000000006d140000)]
  0x0000000062ca9000 JavaThread "jar transforms Thread 82" [_thread_blocked, id=5500, stack(0x000000006d4e0000,0x000000006d5e0000)]
  0x0000000062ca9800 JavaThread "jar transforms Thread 83" [_thread_blocked, id=4756, stack(0x000000006d690000,0x000000006d790000)]
  0x000000006552a800 JavaThread "jar transforms Thread 84" [_thread_blocked, id=6500, stack(0x000000006d7e0000,0x000000006d8e0000)]
  0x000000006552b800 JavaThread "jar transforms Thread 85" [_thread_blocked, id=8168, stack(0x000000006da30000,0x000000006db30000)]
  0x000000006552c800 JavaThread "jar transforms Thread 86" [_thread_blocked, id=5472, stack(0x000000006db90000,0x000000006dc90000)]
  0x000000006552d000 JavaThread "jar transforms Thread 87" [_thread_blocked, id=1640, stack(0x000000006ddc0000,0x000000006dec0000)]
  0x000000006552e000 JavaThread "jar transforms Thread 88" [_thread_blocked, id=5352, stack(0x000000006dec0000,0x000000006dfc0000)]
  0x000000006552f000 JavaThread "jar transforms Thread 89" [_thread_blocked, id=7320, stack(0x000000006e0c0000,0x000000006e1c0000)]
  0x000000006552f800 JavaThread "jar transforms Thread 90" [_thread_blocked, id=5504, stack(0x000000006d910000,0x000000006da10000)]
  0x0000000065530800 JavaThread "jar transforms Thread 91" [_thread_blocked, id=1368, stack(0x000000006e270000,0x000000006e370000)]
  0x0000000065531000 JavaThread "jar transforms Thread 92" [_thread_blocked, id=4880, stack(0x000000006e380000,0x000000006e480000)]
  0x000000005de6d000 JavaThread "Memory manager" [_thread_blocked, id=7000, stack(0x000000006dca0000,0x000000006dda0000)]
  0x000000005de6e000 JavaThread "jar transforms Thread 93" [_thread_blocked, id=5804, stack(0x0000000070240000,0x0000000070340000)]
  0x000000005de6e800 JavaThread "jar transforms Thread 94" [_thread_blocked, id=5096, stack(0x000000006e880000,0x000000006e980000)]
  0x000000005de6f800 JavaThread "jar transforms Thread 95" [_thread_blocked, id=836, stack(0x0000000070b90000,0x0000000070c90000)]
  0x000000005de70000 JavaThread "jar transforms Thread 96" [_thread_blocked, id=7188, stack(0x0000000070e60000,0x0000000070f60000)]
  0x000000005de71000 JavaThread "jar transforms Thread 97" [_thread_blocked, id=5224, stack(0x0000000070fd0000,0x00000000710d0000)]
  0x000000005de72000 JavaThread "jar transforms Thread 98" [_thread_blocked, id=3796, stack(0x0000000072200000,0x0000000072300000)]
  0x000000005de72800 JavaThread "jar transforms Thread 99" [_thread_blocked, id=2392, stack(0x0000000070cf0000,0x0000000070df0000)]
  0x000000005de73800 JavaThread "jar transforms Thread 100" [_thread_blocked, id=3816, stack(0x0000000071100000,0x0000000071200000)]
  0x000000006332a800 JavaThread "jar transforms Thread 101" [_thread_blocked, id=5080, stack(0x0000000072340000,0x0000000072440000)]
  0x000000006332b800 JavaThread "jar transforms Thread 102" [_thread_blocked, id=2412, stack(0x0000000072440000,0x0000000072540000)]
  0x000000006332c000 JavaThread "jar transforms Thread 103" [_thread_blocked, id=6260, stack(0x0000000072610000,0x0000000072710000)]
  0x0000000065aa9800 JavaThread "C2 CompilerThread1" daemon [_thread_blocked, id=5764, stack(0x000000006ab80000,0x000000006ac80000)]

Other Threads:
  0x000000005c5a4000 VMThread "VM Thread" [stack: 0x000000005c690000,0x000000005c790000] [id=3952]
  0x000000005d0e3800 WatcherThread [stack: 0x000000005d770000,0x000000005d870000] [id=2360]
  0x0000000000313800 GCTaskThread "GC Thread#0" [stack: 0x0000000015110000,0x0000000015210000] [id=7812]
=>0x000000005dc00800 GCTaskThread "GC Thread#1" [stack: 0x000000005e330000,0x000000005e430000] [id=6460]
  0x000000005deba000 GCTaskThread "GC Thread#2" [stack: 0x000000005e080000,0x000000005e180000] [id=5340]
  0x000000005debb000 GCTaskThread "GC Thread#3" [stack: 0x000000005e480000,0x000000005e580000] [id=7748]
  0x000000000033a000 ConcurrentGCThread "G1 Main Marker" [stack: 0x0000000019100000,0x0000000019200000] [id=2228]
  0x000000000033b800 ConcurrentGCThread "G1 Conc#0" [stack: 0x00000000192c0000,0x00000000193c0000] [id=6024]
  0x000000001b76d800 ConcurrentGCThread "G1 Refine#0" [stack: 0x000000001b920000,0x000000001ba20000] [id=5496]
  0x000000006f466000 ConcurrentGCThread "G1 Refine#1" [stack: 0x0000000072820000,0x0000000072920000] [id=8184]
  0x000000001b76e800 ConcurrentGCThread "G1 Young RemSet Sampling" [stack: 0x000000001bb90000,0x000000001bc90000] [id=5128]

Threads with active compile tasks:
C2 CompilerThread1  39567 7055       4       groovy.lang.MetaClassImpl::getPropName (72 bytes)

VM state:at safepoint (normal execution)

VM Mutex/Monitor currently owned by a thread:  ([mutex/lock_event])
[0x00000000002f53c0] Threads_lock - owner thread: 0x000000005c5a4000
[0x00000000002f5ba0] Heap_lock - owner thread: 0x000000000033a000

Heap address: 0x00000000a0000000, size: 1536 MB, Compressed Oops mode: 32-bit
Narrow klass base: 0x0000000000000000, Narrow klass shift: 0
Compressed class space size: 1073741824 Address: 0x000000001bc90000

Heap:
 garbage-first heap   total 196608K, used 70511K [0x00000000a0000000, 0x0000000100000000)
  region size 1024K, 7 young (7168K), 4 survivors (4096K)
 Metaspace       used 69906K, capacity 72048K, committed 72228K, reserved 1112064K
  class space    used 9085K, capacity 9836K, committed 9856K, reserved 1048576K
Heap Regions: E=young(eden), S=young(survivor), O=old, HS=humongous(starts), HC=humongous(continues), CS=collection set, F=free, A=archive, TAMS=top-at-mark-start (previous, next)
|   0|0x00000000a0000000, 0x00000000a0100000, 0x00000000a0100000|100%| O|  |TAMS 0x00000000a0100000, 0x00000000a0100000| Untracked 
|   1|0x00000000a0100000, 0x00000000a0200000, 0x00000000a0200000|100%| O|  |TAMS 0x00000000a0200000, 0x00000000a0200000| Untracked 
|   2|0x00000000a0200000, 0x00000000a0300000, 0x00000000a0300000|100%| O|  |TAMS 0x00000000a0300000, 0x00000000a0300000| Untracked 
|   3|0x00000000a0300000, 0x00000000a0400000, 0x00000000a0400000|100%|HS|  |TAMS 0x00000000a0400000, 0x00000000a0400000| Complete 
|   4|0x00000000a0400000, 0x00000000a0500000, 0x00000000a0500000|100%|HC|  |TAMS 0x00000000a0500000, 0x00000000a0500000| Complete 
|   5|0x00000000a0500000, 0x00000000a0600000, 0x00000000a0600000|100%|HC|  |TAMS 0x00000000a0600000, 0x00000000a0600000| Complete 
|   6|0x00000000a0600000, 0x00000000a0700000, 0x00000000a0700000|100%| O|  |TAMS 0x00000000a0700000, 0x00000000a0700000| Untracked 
|   7|0x00000000a0700000, 0x00000000a0800000, 0x00000000a0800000|100%| O|  |TAMS 0x00000000a0800000, 0x00000000a0800000| Untracked 
|   8|0x00000000a0800000, 0x00000000a0900000, 0x00000000a0900000|100%| O|  |TAMS 0x00000000a0900000, 0x00000000a0900000| Untracked 
|   9|0x00000000a0900000, 0x00000000a0a00000, 0x00000000a0a00000|100%| O|  |TAMS 0x00000000a0a00000, 0x00000000a0a00000| Untracked 
|  10|0x00000000a0a00000, 0x00000000a0b00000, 0x00000000a0b00000|100%| O|  |TAMS 0x00000000a0b00000, 0x00000000a0b00000| Untracked 
|  11|0x00000000a0b00000, 0x00000000a0c00000, 0x00000000a0c00000|100%| O|  |TAMS 0x00000000a0c00000, 0x00000000a0c00000| Untracked 
|  12|0x00000000a0c00000, 0x00000000a0d00000, 0x00000000a0d00000|100%| O|  |TAMS 0x00000000a0d00000, 0x00000000a0d00000| Untracked 
|  13|0x00000000a0d00000, 0x00000000a0e00000, 0x00000000a0e00000|100%|HS|  |TAMS 0x00000000a0d00000, 0x00000000a0e00000| Complete 
|  14|0x00000000a0e00000, 0x00000000a0f00000, 0x00000000a0f00000|100%|HS|  |TAMS 0x00000000a0e00000, 0x00000000a0f00000| Complete 
|  15|0x00000000a0f00000, 0x00000000a1000000, 0x00000000a1000000|100%|HC|  |TAMS 0x00000000a0f00000, 0x00000000a1000000| Complete 
|  16|0x00000000a1000000, 0x00000000a1100000, 0x00000000a1100000|100%| O|  |TAMS 0x00000000a1100000, 0x00000000a1100000| Untracked 
|  17|0x00000000a1100000, 0x00000000a1200000, 0x00000000a1200000|100%| O|  |TAMS 0x00000000a1200000, 0x00000000a1200000| Untracked 
|  18|0x00000000a1200000, 0x00000000a1300000, 0x00000000a1300000|100%| O|  |TAMS 0x00000000a1284800, 0x00000000a1300000| Untracked 
|  19|0x00000000a1300000, 0x00000000a1400000, 0x00000000a1400000|100%| O|  |TAMS 0x00000000a1300000, 0x00000000a1400000| Untracked 
|  20|0x00000000a1400000, 0x00000000a1500000, 0x00000000a1500000|100%| O|  |TAMS 0x00000000a1400000, 0x00000000a1500000| Untracked 
|  21|0x00000000a1500000, 0x00000000a1600000, 0x00000000a1600000|100%| O|  |TAMS 0x00000000a1500000, 0x00000000a1600000| Untracked 
|  22|0x00000000a1600000, 0x00000000a1700000, 0x00000000a1700000|100%| O|  |TAMS 0x00000000a1600000, 0x00000000a1700000| Untracked 
|  23|0x00000000a1700000, 0x00000000a1800000, 0x00000000a1800000|100%| O|  |TAMS 0x00000000a1700000, 0x00000000a1800000| Untracked 
|  24|0x00000000a1800000, 0x00000000a1900000, 0x00000000a1900000|100%| O|  |TAMS 0x00000000a1800000, 0x00000000a1900000| Untracked 
|  25|0x00000000a1900000, 0x00000000a1a00000, 0x00000000a1a00000|100%| O|  |TAMS 0x00000000a1900000, 0x00000000a1a00000| Untracked 
|  26|0x00000000a1a00000, 0x00000000a1b00000, 0x00000000a1b00000|100%| O|  |TAMS 0x00000000a1a00000, 0x00000000a1b00000| Untracked 
|  27|0x00000000a1b00000, 0x00000000a1c00000, 0x00000000a1c00000|100%| O|  |TAMS 0x00000000a1b00000, 0x00000000a1c00000| Untracked 
|  28|0x00000000a1c00000, 0x00000000a1d00000, 0x00000000a1d00000|100%| O|  |TAMS 0x00000000a1c00000, 0x00000000a1d00000| Untracked 
|  29|0x00000000a1d00000, 0x00000000a1e00000, 0x00000000a1e00000|100%| O|  |TAMS 0x00000000a1d00000, 0x00000000a1e00000| Untracked 
|  30|0x00000000a1e00000, 0x00000000a1f00000, 0x00000000a1f00000|100%| O|  |TAMS 0x00000000a1e00000, 0x00000000a1f00000| Untracked 
|  31|0x00000000a1f00000, 0x00000000a2000000, 0x00000000a2000000|100%| O|  |TAMS 0x00000000a1f00000, 0x00000000a2000000| Untracked 
|  32|0x00000000a2000000, 0x00000000a2100000, 0x00000000a2100000|100%| O|  |TAMS 0x00000000a2000000, 0x00000000a2100000| Untracked 
|  33|0x00000000a2100000, 0x00000000a2200000, 0x00000000a2200000|100%| O|  |TAMS 0x00000000a2100000, 0x00000000a2200000| Untracked 
|  34|0x00000000a2200000, 0x00000000a2300000, 0x00000000a2300000|100%| O|  |TAMS 0x00000000a2200000, 0x00000000a2300000| Untracked 
|  35|0x00000000a2300000, 0x00000000a2400000, 0x00000000a2400000|100%| O|  |TAMS 0x00000000a2300000, 0x00000000a2400000| Untracked 
|  36|0x00000000a2400000, 0x00000000a2500000, 0x00000000a2500000|100%| O|  |TAMS 0x00000000a2400000, 0x00000000a2500000| Untracked 
|  37|0x00000000a2500000, 0x00000000a2600000, 0x00000000a2600000|100%| O|  |TAMS 0x00000000a2500000, 0x00000000a2600000| Untracked 
|  38|0x00000000a2600000, 0x00000000a2700000, 0x00000000a2700000|100%|HS|  |TAMS 0x00000000a2600000, 0x00000000a2700000| Complete 
|  39|0x00000000a2700000, 0x00000000a2800000, 0x00000000a2800000|100%|HC|  |TAMS 0x00000000a2700000, 0x00000000a2800000| Complete 
|  40|0x00000000a2800000, 0x00000000a2900000, 0x00000000a2900000|100%|HC|  |TAMS 0x00000000a2800000, 0x00000000a2900000| Complete 
|  41|0x00000000a2900000, 0x00000000a2a00000, 0x00000000a2a00000|100%| O|  |TAMS 0x00000000a2900000, 0x00000000a2a00000| Untracked 
|  42|0x00000000a2a00000, 0x00000000a2b00000, 0x00000000a2b00000|100%| O|  |TAMS 0x00000000a2a00000, 0x00000000a2b00000| Untracked 
|  43|0x00000000a2b00000, 0x00000000a2c00000, 0x00000000a2c00000|100%| O|  |TAMS 0x00000000a2b00000, 0x00000000a2c00000| Untracked 
|  44|0x00000000a2c00000, 0x00000000a2d00000, 0x00000000a2d00000|100%| O|  |TAMS 0x00000000a2c00000, 0x00000000a2d00000| Untracked 
|  45|0x00000000a2d00000, 0x00000000a2e00000, 0x00000000a2e00000|100%| O|  |TAMS 0x00000000a2d00000, 0x00000000a2e00000| Untracked 
|  46|0x00000000a2e00000, 0x00000000a2f00000, 0x00000000a2f00000|100%| O|  |TAMS 0x00000000a2e00000, 0x00000000a2f00000| Untracked 
|  47|0x00000000a2f00000, 0x00000000a3000000, 0x00000000a3000000|100%| O|  |TAMS 0x00000000a2f00000, 0x00000000a3000000| Untracked 
|  48|0x00000000a3000000, 0x00000000a3100000, 0x00000000a3100000|100%| O|  |TAMS 0x00000000a3000000, 0x00000000a3100000| Untracked 
|  49|0x00000000a3100000, 0x00000000a3200000, 0x00000000a3200000|100%| O|  |TAMS 0x00000000a3100000, 0x00000000a3200000| Untracked 
|  50|0x00000000a3200000, 0x00000000a3300000, 0x00000000a3300000|100%| O|  |TAMS 0x00000000a3200000, 0x00000000a3300000| Untracked 
|  51|0x00000000a3300000, 0x00000000a3400000, 0x00000000a3400000|100%| O|  |TAMS 0x00000000a3300000, 0x00000000a3400000| Untracked 
|  52|0x00000000a3400000, 0x00000000a3500000, 0x00000000a3500000|100%| O|  |TAMS 0x00000000a3400000, 0x00000000a3500000| Untracked 
|  53|0x00000000a3500000, 0x00000000a3600000, 0x00000000a3600000|100%| O|  |TAMS 0x00000000a3500000, 0x00000000a3600000| Untracked 
|  54|0x00000000a3600000, 0x00000000a3700000, 0x00000000a3700000|100%| O|  |TAMS 0x00000000a3600000, 0x00000000a3700000| Untracked 
|  55|0x00000000a3700000, 0x00000000a3800000, 0x00000000a3800000|100%| O|  |TAMS 0x00000000a3700000, 0x00000000a3800000| Untracked 
|  56|0x00000000a3800000, 0x00000000a3900000, 0x00000000a3900000|100%| O|  |TAMS 0x00000000a3800000, 0x00000000a3900000| Untracked 
|  57|0x00000000a3900000, 0x00000000a3a00000, 0x00000000a3a00000|100%| O|  |TAMS 0x00000000a3900000, 0x00000000a3a00000| Untracked 
|  58|0x00000000a3a00000, 0x00000000a3b00000, 0x00000000a3b00000|100%| O|  |TAMS 0x00000000a3a00000, 0x00000000a3b00000| Untracked 
|  59|0x00000000a3b00000, 0x00000000a3c00000, 0x00000000a3c00000|100%| O|  |TAMS 0x00000000a3b00000, 0x00000000a3c00000| Untracked 
|  60|0x00000000a3c00000, 0x00000000a3d00000, 0x00000000a3d00000|100%| O|  |TAMS 0x00000000a3c00000, 0x00000000a3d00000| Untracked 
|  61|0x00000000a3d00000, 0x00000000a3e00000, 0x00000000a3e00000|100%| O|  |TAMS 0x00000000a3d00000, 0x00000000a3e00000| Untracked 
|  62|0x00000000a3e00000, 0x00000000a3f00000, 0x00000000a3f00000|100%| O|  |TAMS 0x00000000a3e00000, 0x00000000a3f00000| Untracked 
|  63|0x00000000a3f00000, 0x00000000a3f5bc00, 0x00000000a4000000| 35%| O|  |TAMS 0x00000000a3f00000, 0x00000000a3f5bc00| Untracked 
|  64|0x00000000a4000000, 0x00000000a4000000, 0x00000000a4100000|  0%| F|  |TAMS 0x00000000a4000000, 0x00000000a4000000| Untracked 
|  65|0x00000000a4100000, 0x00000000a4100000, 0x00000000a4200000|  0%| F|  |TAMS 0x00000000a4100000, 0x00000000a4100000| Untracked 
|  66|0x00000000a4200000, 0x00000000a4200000, 0x00000000a4300000|  0%| F|  |TAMS 0x00000000a4200000, 0x00000000a4200000| Untracked 
|  67|0x00000000a4300000, 0x00000000a4300000, 0x00000000a4400000|  0%| F|  |TAMS 0x00000000a4300000, 0x00000000a4300000| Untracked 
|  68|0x00000000a4400000, 0x00000000a4400000, 0x00000000a4500000|  0%| F|  |TAMS 0x00000000a4400000, 0x00000000a4400000| Untracked 
|  69|0x00000000a4500000, 0x00000000a4500000, 0x00000000a4600000|  0%| F|  |TAMS 0x00000000a4500000, 0x00000000a4500000| Untracked 
|  70|0x00000000a4600000, 0x00000000a4600000, 0x00000000a4700000|  0%| F|  |TAMS 0x00000000a4600000, 0x00000000a4600000| Untracked 
|  71|0x00000000a4700000, 0x00000000a4700000, 0x00000000a4800000|  0%| F|  |TAMS 0x00000000a4700000, 0x00000000a4700000| Untracked 
|  72|0x00000000a4800000, 0x00000000a4800000, 0x00000000a4900000|  0%| F|  |TAMS 0x00000000a4800000, 0x00000000a4800000| Untracked 
|  73|0x00000000a4900000, 0x00000000a4900000, 0x00000000a4a00000|  0%| F|  |TAMS 0x00000000a4900000, 0x00000000a4900000| Untracked 
|  74|0x00000000a4a00000, 0x00000000a4a00000, 0x00000000a4b00000|  0%| F|  |TAMS 0x00000000a4a00000, 0x00000000a4a00000| Untracked 
|  75|0x00000000a4b00000, 0x00000000a4b00000, 0x00000000a4c00000|  0%| F|  |TAMS 0x00000000a4b00000, 0x00000000a4b00000| Untracked 
|  76|0x00000000a4c00000, 0x00000000a4c00000, 0x00000000a4d00000|  0%| F|  |TAMS 0x00000000a4c00000, 0x00000000a4c00000| Untracked 
|  77|0x00000000a4d00000, 0x00000000a4d00000, 0x00000000a4e00000|  0%| F|  |TAMS 0x00000000a4d00000, 0x00000000a4d00000| Untracked 
|  78|0x00000000a4e00000, 0x00000000a4e00000, 0x00000000a4f00000|  0%| F|  |TAMS 0x00000000a4e00000, 0x00000000a4e00000| Untracked 
|  79|0x00000000a4f00000, 0x00000000a4f00000, 0x00000000a5000000|  0%| F|  |TAMS 0x00000000a4f00000, 0x00000000a4f00000| Untracked 
|  80|0x00000000a5000000, 0x00000000a5000000, 0x00000000a5100000|  0%| F|  |TAMS 0x00000000a5000000, 0x00000000a5000000| Untracked 
|  81|0x00000000a5100000, 0x00000000a5100000, 0x00000000a5200000|  0%| F|  |TAMS 0x00000000a5100000, 0x00000000a5100000| Untracked 
|  82|0x00000000a5200000, 0x00000000a5200000, 0x00000000a5300000|  0%| F|  |TAMS 0x00000000a5200000, 0x00000000a5200000| Untracked 
|  83|0x00000000a5300000, 0x00000000a5300000, 0x00000000a5400000|  0%| F|  |TAMS 0x00000000a5300000, 0x00000000a5300000| Untracked 
|  84|0x00000000a5400000, 0x00000000a5400000, 0x00000000a5500000|  0%| F|  |TAMS 0x00000000a5400000, 0x00000000a5400000| Untracked 
|  85|0x00000000a5500000, 0x00000000a5500000, 0x00000000a5600000|  0%| F|  |TAMS 0x00000000a5500000, 0x00000000a5500000| Untracked 
|  86|0x00000000a5600000, 0x00000000a5600000, 0x00000000a5700000|  0%| F|  |TAMS 0x00000000a5600000, 0x00000000a5600000| Untracked 
|  87|0x00000000a5700000, 0x00000000a5700000, 0x00000000a5800000|  0%| F|  |TAMS 0x00000000a5700000, 0x00000000a5700000| Untracked 
|  88|0x00000000a5800000, 0x00000000a5800000, 0x00000000a5900000|  0%| F|  |TAMS 0x00000000a5800000, 0x00000000a5800000| Untracked 
|  89|0x00000000a5900000, 0x00000000a5900000, 0x00000000a5a00000|  0%| F|  |TAMS 0x00000000a5900000, 0x00000000a5900000| Untracked 
|  90|0x00000000a5a00000, 0x00000000a5a00000, 0x00000000a5b00000|  0%| F|  |TAMS 0x00000000a5a00000, 0x00000000a5a00000| Untracked 
|  91|0x00000000a5b00000, 0x00000000a5b00000, 0x00000000a5c00000|  0%| F|  |TAMS 0x00000000a5b00000, 0x00000000a5b00000| Untracked 
|  92|0x00000000a5c00000, 0x00000000a5c00000, 0x00000000a5d00000|  0%| F|  |TAMS 0x00000000a5c00000, 0x00000000a5c00000| Untracked 
|  93|0x00000000a5d00000, 0x00000000a5d00000, 0x00000000a5e00000|  0%| F|  |TAMS 0x00000000a5d00000, 0x00000000a5d00000| Untracked 
|  94|0x00000000a5e00000, 0x00000000a5e00000, 0x00000000a5f00000|  0%| F|  |TAMS 0x00000000a5e00000, 0x00000000a5e00000| Untracked 
|  95|0x00000000a5f00000, 0x00000000a5f00000, 0x00000000a6000000|  0%| F|  |TAMS 0x00000000a5f00000, 0x00000000a5f00000| Untracked 
|  96|0x00000000a6000000, 0x00000000a6000000, 0x00000000a6100000|  0%| F|  |TAMS 0x00000000a6000000, 0x00000000a6000000| Untracked 
|  97|0x00000000a6100000, 0x00000000a6100000, 0x00000000a6200000|  0%| F|  |TAMS 0x00000000a6100000, 0x00000000a6100000| Untracked 
|  98|0x00000000a6200000, 0x00000000a6200000, 0x00000000a6300000|  0%| F|  |TAMS 0x00000000a6200000, 0x00000000a6200000| Untracked 
|  99|0x00000000a6300000, 0x00000000a6300000, 0x00000000a6400000|  0%| F|  |TAMS 0x00000000a6300000, 0x00000000a6300000| Untracked 
| 100|0x00000000a6400000, 0x00000000a6400000, 0x00000000a6500000|  0%| F|  |TAMS 0x00000000a6400000, 0x00000000a6400000| Untracked 
| 101|0x00000000a6500000, 0x00000000a6500000, 0x00000000a6600000|  0%| F|  |TAMS 0x00000000a6500000, 0x00000000a6500000| Untracked 
| 102|0x00000000a6600000, 0x00000000a6600000, 0x00000000a6700000|  0%| F|  |TAMS 0x00000000a6600000, 0x00000000a6600000| Untracked 
| 103|0x00000000a6700000, 0x00000000a6700000, 0x00000000a6800000|  0%| F|  |TAMS 0x00000000a6700000, 0x00000000a6700000| Untracked 
| 104|0x00000000a6800000, 0x00000000a6800000, 0x00000000a6900000|  0%| F|  |TAMS 0x00000000a6800000, 0x00000000a6800000| Untracked 
| 105|0x00000000a6900000, 0x00000000a6900000, 0x00000000a6a00000|  0%| F|  |TAMS 0x00000000a6900000, 0x00000000a6900000| Untracked 
| 106|0x00000000a6a00000, 0x00000000a6a00000, 0x00000000a6b00000|  0%| F|  |TAMS 0x00000000a6a00000, 0x00000000a6a00000| Untracked 
| 107|0x00000000a6b00000, 0x00000000a6b00000, 0x00000000a6c00000|  0%| F|  |TAMS 0x00000000a6b00000, 0x00000000a6b00000| Untracked 
| 108|0x00000000a6c00000, 0x00000000a6c00000, 0x00000000a6d00000|  0%| F|  |TAMS 0x00000000a6c00000, 0x00000000a6c00000| Untracked 
| 109|0x00000000a6d00000, 0x00000000a6d00000, 0x00000000a6e00000|  0%| F|  |TAMS 0x00000000a6d00000, 0x00000000a6d00000| Untracked 
| 110|0x00000000a6e00000, 0x00000000a6e00000, 0x00000000a6f00000|  0%| F|  |TAMS 0x00000000a6e00000, 0x00000000a6e00000| Untracked 
| 111|0x00000000a6f00000, 0x00000000a6f00000, 0x00000000a7000000|  0%| F|  |TAMS 0x00000000a6f00000, 0x00000000a6f00000| Untracked 
| 112|0x00000000a7000000, 0x00000000a7000000, 0x00000000a7100000|  0%| F|  |TAMS 0x00000000a7000000, 0x00000000a7000000| Untracked 
| 113|0x00000000a7100000, 0x00000000a7100000, 0x00000000a7200000|  0%| F|  |TAMS 0x00000000a7100000, 0x00000000a7100000| Untracked 
| 114|0x00000000a7200000, 0x00000000a7200000, 0x00000000a7300000|  0%| F|  |TAMS 0x00000000a7200000, 0x00000000a7200000| Untracked 
| 115|0x00000000a7300000, 0x00000000a7300000, 0x00000000a7400000|  0%| F|  |TAMS 0x00000000a7300000, 0x00000000a7300000| Untracked 
| 116|0x00000000a7400000, 0x00000000a7400000, 0x00000000a7500000|  0%| F|  |TAMS 0x00000000a7400000, 0x00000000a7400000| Untracked 
| 117|0x00000000a7500000, 0x00000000a7500000, 0x00000000a7600000|  0%| F|  |TAMS 0x00000000a7500000, 0x00000000a7500000| Untracked 
| 118|0x00000000a7600000, 0x00000000a7600000, 0x00000000a7700000|  0%| F|  |TAMS 0x00000000a7600000, 0x00000000a7600000| Untracked 
| 119|0x00000000a7700000, 0x00000000a7700000, 0x00000000a7800000|  0%| F|  |TAMS 0x00000000a7700000, 0x00000000a7700000| Untracked 
| 120|0x00000000a7800000, 0x00000000a7800000, 0x00000000a7900000|  0%| F|  |TAMS 0x00000000a7800000, 0x00000000a7800000| Untracked 
| 121|0x00000000a7900000, 0x00000000a7900000, 0x00000000a7a00000|  0%| F|  |TAMS 0x00000000a7900000, 0x00000000a7900000| Untracked 
| 122|0x00000000a7a00000, 0x00000000a7a00000, 0x00000000a7b00000|  0%| F|  |TAMS 0x00000000a7a00000, 0x00000000a7a00000| Untracked 
| 123|0x00000000a7b00000, 0x00000000a7b00000, 0x00000000a7c00000|  0%| F|  |TAMS 0x00000000a7b00000, 0x00000000a7b00000| Untracked 
| 124|0x00000000a7c00000, 0x00000000a7c00000, 0x00000000a7d00000|  0%| F|  |TAMS 0x00000000a7c00000, 0x00000000a7c00000| Untracked 
| 125|0x00000000a7d00000, 0x00000000a7d00000, 0x00000000a7e00000|  0%| F|  |TAMS 0x00000000a7d00000, 0x00000000a7d00000| Untracked 
| 126|0x00000000a7e00000, 0x00000000a7e00000, 0x00000000a7f00000|  0%| F|  |TAMS 0x00000000a7e00000, 0x00000000a7e00000| Untracked 
| 127|0x00000000a7f00000, 0x00000000a7f00000, 0x00000000a8000000|  0%| F|  |TAMS 0x00000000a7f00000, 0x00000000a7f00000| Untracked 
| 128|0x00000000a8000000, 0x00000000a8000000, 0x00000000a8100000|  0%| F|  |TAMS 0x00000000a8000000, 0x00000000a8000000| Untracked 
| 129|0x00000000a8100000, 0x00000000a8100000, 0x00000000a8200000|  0%| F|  |TAMS 0x00000000a8100000, 0x00000000a8100000| Untracked 
| 130|0x00000000a8200000, 0x00000000a8200000, 0x00000000a8300000|  0%| F|  |TAMS 0x00000000a8200000, 0x00000000a8200000| Untracked 
| 131|0x00000000a8300000, 0x00000000a8300000, 0x00000000a8400000|  0%| F|  |TAMS 0x00000000a8300000, 0x00000000a8300000| Untracked 
| 132|0x00000000a8400000, 0x00000000a8400000, 0x00000000a8500000|  0%| F|  |TAMS 0x00000000a8400000, 0x00000000a8400000| Untracked 
| 133|0x00000000a8500000, 0x00000000a8500000, 0x00000000a8600000|  0%| F|  |TAMS 0x00000000a8500000, 0x00000000a8500000| Untracked 
| 134|0x00000000a8600000, 0x00000000a8600000, 0x00000000a8700000|  0%| F|  |TAMS 0x00000000a8600000, 0x00000000a8600000| Untracked 
| 135|0x00000000a8700000, 0x00000000a8700000, 0x00000000a8800000|  0%| F|  |TAMS 0x00000000a8700000, 0x00000000a8700000| Untracked 
| 136|0x00000000a8800000, 0x00000000a8800000, 0x00000000a8900000|  0%| F|  |TAMS 0x00000000a8800000, 0x00000000a8800000| Untracked 
| 137|0x00000000a8900000, 0x00000000a8900000, 0x00000000a8a00000|  0%| F|  |TAMS 0x00000000a8900000, 0x00000000a8900000| Untracked 
| 138|0x00000000a8a00000, 0x00000000a8a00000, 0x00000000a8b00000|  0%| F|  |TAMS 0x00000000a8a00000, 0x00000000a8a00000| Untracked 
| 139|0x00000000a8b00000, 0x00000000a8b00000, 0x00000000a8c00000|  0%| F|  |TAMS 0x00000000a8b00000, 0x00000000a8b00000| Untracked 
| 140|0x00000000a8c00000, 0x00000000a8c00000, 0x00000000a8d00000|  0%| F|  |TAMS 0x00000000a8c00000, 0x00000000a8c00000| Untracked 
| 141|0x00000000a8d00000, 0x00000000a8d00000, 0x00000000a8e00000|  0%| F|  |TAMS 0x00000000a8d00000, 0x00000000a8d00000| Untracked 
| 142|0x00000000a8e00000, 0x00000000a8e00000, 0x00000000a8f00000|  0%| F|  |TAMS 0x00000000a8e00000, 0x00000000a8e00000| Untracked 
| 143|0x00000000a8f00000, 0x00000000a8f00000, 0x00000000a9000000|  0%| F|  |TAMS 0x00000000a8f00000, 0x00000000a8f00000| Untracked 
| 144|0x00000000a9000000, 0x00000000a9000000, 0x00000000a9100000|  0%| F|  |TAMS 0x00000000a9000000, 0x00000000a9000000| Untracked 
| 145|0x00000000a9100000, 0x00000000a9100000, 0x00000000a9200000|  0%| F|  |TAMS 0x00000000a9100000, 0x00000000a9100000| Untracked 
| 146|0x00000000a9200000, 0x00000000a9200000, 0x00000000a9300000|  0%| F|  |TAMS 0x00000000a9200000, 0x00000000a9200000| Untracked 
| 147|0x00000000a9300000, 0x00000000a9300000, 0x00000000a9400000|  0%| F|  |TAMS 0x00000000a9300000, 0x00000000a9300000| Untracked 
| 148|0x00000000a9400000, 0x00000000a9400000, 0x00000000a9500000|  0%| F|  |TAMS 0x00000000a9400000, 0x00000000a9400000| Untracked 
| 149|0x00000000a9500000, 0x00000000a9500000, 0x00000000a9600000|  0%| F|  |TAMS 0x00000000a9500000, 0x00000000a9500000| Untracked 
| 150|0x00000000a9600000, 0x00000000a9600000, 0x00000000a9700000|  0%| F|  |TAMS 0x00000000a9600000, 0x00000000a9600000| Untracked 
| 151|0x00000000a9700000, 0x00000000a9700000, 0x00000000a9800000|  0%| F|  |TAMS 0x00000000a9700000, 0x00000000a9700000| Untracked 
| 152|0x00000000a9800000, 0x00000000a9800000, 0x00000000a9900000|  0%| F|  |TAMS 0x00000000a9800000, 0x00000000a9800000| Untracked 
| 153|0x00000000a9900000, 0x00000000a9900000, 0x00000000a9a00000|  0%| F|  |TAMS 0x00000000a9900000, 0x00000000a9900000| Untracked 
| 154|0x00000000a9a00000, 0x00000000a9a00000, 0x00000000a9b00000|  0%| F|  |TAMS 0x00000000a9a00000, 0x00000000a9a00000| Untracked 
| 155|0x00000000a9b00000, 0x00000000a9b00000, 0x00000000a9c00000|  0%| F|  |TAMS 0x00000000a9b00000, 0x00000000a9b00000| Untracked 
| 156|0x00000000a9c00000, 0x00000000a9c00000, 0x00000000a9d00000|  0%| F|  |TAMS 0x00000000a9c00000, 0x00000000a9c00000| Untracked 
| 157|0x00000000a9d00000, 0x00000000a9d00000, 0x00000000a9e00000|  0%| F|  |TAMS 0x00000000a9d00000, 0x00000000a9d00000| Untracked 
| 158|0x00000000a9e00000, 0x00000000a9e00000, 0x00000000a9f00000|  0%| F|  |TAMS 0x00000000a9e00000, 0x00000000a9e00000| Untracked 
| 159|0x00000000a9f00000, 0x00000000a9f00000, 0x00000000aa000000|  0%| F|  |TAMS 0x00000000a9f00000, 0x00000000a9f00000| Untracked 
| 160|0x00000000aa000000, 0x00000000aa000000, 0x00000000aa100000|  0%| F|  |TAMS 0x00000000aa000000, 0x00000000aa000000| Untracked 
| 161|0x00000000aa100000, 0x00000000aa100000, 0x00000000aa200000|  0%| F|  |TAMS 0x00000000aa100000, 0x00000000aa100000| Untracked 
| 162|0x00000000aa200000, 0x00000000aa200000, 0x00000000aa300000|  0%| F|  |TAMS 0x00000000aa200000, 0x00000000aa200000| Untracked 
| 163|0x00000000aa300000, 0x00000000aa300000, 0x00000000aa400000|  0%| F|  |TAMS 0x00000000aa300000, 0x00000000aa300000| Untracked 
| 164|0x00000000aa400000, 0x00000000aa400000, 0x00000000aa500000|  0%| F|  |TAMS 0x00000000aa400000, 0x00000000aa400000| Untracked 
| 165|0x00000000aa500000, 0x00000000aa500000, 0x00000000aa600000|  0%| F|  |TAMS 0x00000000aa500000, 0x00000000aa500000| Untracked 
| 166|0x00000000aa600000, 0x00000000aa600000, 0x00000000aa700000|  0%| F|  |TAMS 0x00000000aa600000, 0x00000000aa600000| Untracked 
| 167|0x00000000aa700000, 0x00000000aa700000, 0x00000000aa800000|  0%| F|  |TAMS 0x00000000aa700000, 0x00000000aa700000| Untracked 
| 168|0x00000000aa800000, 0x00000000aa880000, 0x00000000aa900000| 50%| S|CS|TAMS 0x00000000aa800000, 0x00000000aa800000| Complete 
| 169|0x00000000aa900000, 0x00000000aaa00000, 0x00000000aaa00000|100%| S|CS|TAMS 0x00000000aa900000, 0x00000000aa900000| Complete 
| 170|0x00000000aaa00000, 0x00000000aab00000, 0x00000000aab00000|100%| S|CS|TAMS 0x00000000aaa00000, 0x00000000aaa00000| Complete 
| 171|0x00000000aab00000, 0x00000000aac00000, 0x00000000aac00000|100%| S|CS|TAMS 0x00000000aab00000, 0x00000000aab00000| Complete 
| 172|0x00000000aac00000, 0x00000000aac00000, 0x00000000aad00000|  0%| F|  |TAMS 0x00000000aac00000, 0x00000000aac00000| Untracked 
| 173|0x00000000aad00000, 0x00000000aad00000, 0x00000000aae00000|  0%| F|  |TAMS 0x00000000aad00000, 0x00000000aad00000| Untracked 
| 174|0x00000000aae00000, 0x00000000aae00000, 0x00000000aaf00000|  0%| F|  |TAMS 0x00000000aae00000, 0x00000000aae00000| Untracked 
| 175|0x00000000aaf00000, 0x00000000aaf00000, 0x00000000ab000000|  0%| F|  |TAMS 0x00000000aaf00000, 0x00000000aaf00000| Untracked 
| 176|0x00000000ab000000, 0x00000000ab000000, 0x00000000ab100000|  0%| F|  |TAMS 0x00000000ab000000, 0x00000000ab000000| Untracked 
| 177|0x00000000ab100000, 0x00000000ab100000, 0x00000000ab200000|  0%| F|  |TAMS 0x00000000ab100000, 0x00000000ab100000| Untracked 
| 178|0x00000000ab200000, 0x00000000ab200000, 0x00000000ab300000|  0%| F|  |TAMS 0x00000000ab200000, 0x00000000ab200000| Untracked 
| 179|0x00000000ab300000, 0x00000000ab300000, 0x00000000ab400000|  0%| F|  |TAMS 0x00000000ab300000, 0x00000000ab300000| Untracked 
| 180|0x00000000ab400000, 0x00000000ab400000, 0x00000000ab500000|  0%| F|  |TAMS 0x00000000ab400000, 0x00000000ab400000| Untracked 
| 181|0x00000000ab500000, 0x00000000ab500000, 0x00000000ab600000|  0%| F|  |TAMS 0x00000000ab500000, 0x00000000ab500000| Untracked 
| 182|0x00000000ab600000, 0x00000000ab600000, 0x00000000ab700000|  0%| F|  |TAMS 0x00000000ab600000, 0x00000000ab600000| Untracked 
| 183|0x00000000ab700000, 0x00000000ab700000, 0x00000000ab800000|  0%| F|  |TAMS 0x00000000ab700000, 0x00000000ab700000| Untracked 
| 184|0x00000000ab800000, 0x00000000ab800000, 0x00000000ab900000|  0%| F|  |TAMS 0x00000000ab800000, 0x00000000ab800000| Untracked 
| 185|0x00000000ab900000, 0x00000000ab900000, 0x00000000aba00000|  0%| F|  |TAMS 0x00000000ab900000, 0x00000000ab900000| Untracked 
| 186|0x00000000aba00000, 0x00000000aba00000, 0x00000000abb00000|  0%| F|  |TAMS 0x00000000aba00000, 0x00000000aba00000| Untracked 
| 187|0x00000000abb00000, 0x00000000abb00000, 0x00000000abc00000|  0%| F|  |TAMS 0x00000000abb00000, 0x00000000abb00000| Untracked 
| 188|0x00000000abc00000, 0x00000000abc00000, 0x00000000abd00000|  0%| F|  |TAMS 0x00000000abc00000, 0x00000000abc00000| Untracked 
| 189|0x00000000abd00000, 0x00000000abe00000, 0x00000000abe00000|100%| E|  |TAMS 0x00000000abd00000, 0x00000000abd00000| Complete 
| 190|0x00000000abe00000, 0x00000000abf00000, 0x00000000abf00000|100%| E|CS|TAMS 0x00000000abe00000, 0x00000000abe00000| Complete 
| 191|0x00000000abf00000, 0x00000000ac000000, 0x00000000ac000000|100%| E|CS|TAMS 0x00000000abf00000, 0x00000000abf00000| Complete 

Card table byte_map: [0x0000000015950000,0x0000000015c50000] _byte_map_base: 0x0000000015450000

Marking Bits (Prev, Next): (CMBitMap*) 0x0000000000333430, (CMBitMap*) 0x00000000003333f8
 Prev Bits: [0x0000000017750000, 0x0000000018f50000)
 Next Bits: [0x0000000015f50000, 0x0000000017750000)

Polling page: 0x0000000000230000

Metaspace:

Usage:
  Non-class:     60.75 MB capacity,    59.40 MB ( 98%) used,     1.20 MB (  2%) free+waste,   165.44 KB ( <1%) overhead. 
      Class:      9.61 MB capacity,     8.87 MB ( 92%) used,   672.17 KB (  7%) free+waste,    78.81 KB ( <1%) overhead. 
       Both:     70.36 MB capacity,    68.27 MB ( 97%) used,     1.85 MB (  3%) free+waste,   244.25 KB ( <1%) overhead. 

Virtual space:
  Non-class space:       62.00 MB reserved,      60.91 MB ( 98%) committed 
      Class space:        1.00 GB reserved,       9.63 MB ( <1%) committed 
             Both:        1.06 GB reserved,      70.54 MB (  6%) committed 

Chunk freelists:
   Non-Class:  0 bytes
       Class:  20.00 KB
        Both:  20.00 KB

MaxMetaspaceSize: 17179869184.00 GB
CompressedClassSpaceSize: 1.00 GB

CodeHeap 'non-profiled nmethods': size=120064Kb used=4308Kb max_used=4308Kb free=115755Kb
 bounds [0x000000000d940000, 0x000000000dd80000, 0x0000000014e80000]
CodeHeap 'profiled nmethods': size=120000Kb used=15320Kb max_used=15320Kb free=104679Kb
 bounds [0x0000000006410000, 0x0000000007310000, 0x000000000d940000]
CodeHeap 'non-nmethods': size=5696Kb used=2243Kb max_used=2304Kb free=3452Kb
 bounds [0x0000000005e80000, 0x00000000060f0000, 0x0000000006410000]
 total_blobs=7730 nmethods=6891 adapters=750
 compilation: enabled
              stopped_count=0, restarted_count=0
 full_count=0

Compilation events (20 events):
Event: 39.378 Thread 0x000000005c613000 nmethod 7152 0x0000000007307190 code [0x0000000007307340, 0x0000000007307508]
Event: 39.379 Thread 0x000000005c613000 7153       3       org.gradle.internal.Describables::of (11 bytes)
Event: 39.380 Thread 0x000000005c613000 nmethod 7153 0x0000000007307590 code [0x0000000007307760, 0x0000000007307b38]
Event: 39.380 Thread 0x000000005c613000 7154       3       com.google.common.collect.ImmutableCollection::toArray (8 bytes)
Event: 39.380 Thread 0x000000005c613000 nmethod 7154 0x0000000007307c90 code [0x0000000007307e40, 0x0000000007307f68]
Event: 39.381 Thread 0x000000005c613000 7155       3       com.google.common.base.Preconditions::checkState (13 bytes)
Event: 39.381 Thread 0x000000005c613000 nmethod 7155 0x0000000007308010 code [0x00000000073081e0, 0x00000000073083c8]
Event: 39.381 Thread 0x000000005c613000 7156       1       org.gradle.internal.service.scopes.ProjectScopeServices::access$100 (5 bytes)
Event: 39.382 Thread 0x000000005c613000 nmethod 7156 0x000000000dd72590 code [0x000000000dd72740, 0x000000000dd727d8]
Event: 39.382 Thread 0x000000005c613000 7157       1       org.gradle.api.internal.artifacts.configurations.DefaultConfiguration::getOutgoing (5 bytes)
Event: 39.382 Thread 0x000000005c613000 nmethod 7157 0x000000000dd72890 code [0x000000000dd72a40, 0x000000000dd72af8]
Event: 39.382 Thread 0x000000005c613000 7158       1       org.gradle.api.internal.artifacts.dsl.PublishArtifactNotationParserFactory::access$500 (5 bytes)
Event: 39.382 Thread 0x000000005c613000 nmethod 7158 0x000000000dd72b90 code [0x000000000dd72d40, 0x000000000dd72dd8]
Event: 39.382 Thread 0x000000005c613000 7159       1       org.gradle.api.internal.artifacts.dsl.PublishArtifactNotationParserFactory::access$400 (5 bytes)
Event: 39.382 Thread 0x000000005c613000 nmethod 7159 0x000000000dd72e90 code [0x000000000dd73040, 0x000000000dd730d8]
Event: 39.383 Thread 0x000000005c611800 nmethod 7100 0x000000000dd73190 code [0x000000000dd73380, 0x000000000dd74198]
Event: 39.383 Thread 0x000000005c611800 7129       4       java.lang.Enum::equals (11 bytes)
Event: 39.383 Thread 0x000000005c611800 nmethod 7129 0x000000000dd74990 code [0x000000000dd74b20, 0x000000000dd74b78]
Event: 39.383 Thread 0x000000005c611800 7111       4       java.lang.ClassValue::get (31 bytes)
Event: 39.388 Thread 0x000000005c611800 nmethod 7111 0x000000000dd74c10 code [0x000000000dd74dc0, 0x000000000dd74f78]

GC Heap History (20 events):
Event: 8.052 GC heap before
{Heap before GC invocations=3 (full 0):
 garbage-first heap   total 196608K, used 56123K [0x00000000a0000000, 0x0000000100000000)
  region size 1024K, 46 young (47104K), 4 survivors (4096K)
 Metaspace       used 19199K, capacity 19604K, committed 19712K, reserved 1067008K
  class space    used 2329K, capacity 2479K, committed 2560K, reserved 1048576K
}
Event: 8.061 GC heap after
{Heap after GC invocations=4 (full 0):
 garbage-first heap   total 196608K, used 15874K [0x00000000a0000000, 0x0000000100000000)
  region size 1024K, 3 young (3072K), 3 survivors (3072K)
 Metaspace       used 19199K, capacity 19604K, committed 19712K, reserved 1067008K
  class space    used 2329K, capacity 2479K, committed 2560K, reserved 1048576K
}
Event: 8.710 GC heap before
{Heap before GC invocations=4 (full 0):
 garbage-first heap   total 196608K, used 24066K [0x00000000a0000000, 0x0000000100000000)
  region size 1024K, 12 young (12288K), 3 survivors (3072K)
 Metaspace       used 20650K, capacity 21063K, committed 21248K, reserved 1067008K
  class space    used 2548K, capacity 2693K, committed 2816K, reserved 1048576K
}
Event: 8.719 GC heap after
{Heap after GC invocations=5 (full 0):
 garbage-first heap   total 196608K, used 16212K [0x00000000a0000000, 0x0000000100000000)
  region size 1024K, 3 young (3072K), 3 survivors (3072K)
 Metaspace       used 20650K, capacity 21063K, committed 21248K, reserved 1067008K
  class space    used 2548K, capacity 2693K, committed 2816K, reserved 1048576K
}
Event: 11.981 GC heap before
{Heap before GC invocations=6 (full 0):
 garbage-first heap   total 196608K, used 72532K [0x00000000a0000000, 0x0000000100000000)
  region size 1024K, 58 young (59392K), 3 survivors (3072K)
 Metaspace       used 26584K, capacity 27148K, committed 27264K, reserved 1073152K
  class space    used 3481K, capacity 3705K, committed 3712K, reserved 1048576K
}
Event: 11.990 GC heap after
{Heap after GC invocations=7 (full 0):
 garbage-first heap   total 196608K, used 18260K [0x00000000a0000000, 0x0000000100000000)
  region size 1024K, 5 young (5120K), 5 survivors (5120K)
 Metaspace       used 26584K, capacity 27148K, committed 27264K, reserved 1073152K
  class space    used 3481K, capacity 3705K, committed 3712K, reserved 1048576K
}
Event: 14.086 GC heap before
{Heap before GC invocations=7 (full 0):
 garbage-first heap   total 196608K, used 64340K [0x00000000a0000000, 0x0000000100000000)
  region size 1024K, 49 young (50176K), 5 survivors (5120K)
 Metaspace       used 35078K, capacity 35727K, committed 35840K, reserved 1081344K
  class space    used 4515K, capacity 4775K, committed 4864K, reserved 1048576K
}
Event: 14.101 GC heap after
{Heap after GC invocations=8 (full 0):
 garbage-first heap   total 196608K, used 23815K [0x00000000a0000000, 0x0000000100000000)
  region size 1024K, 9 young (9216K), 9 survivors (9216K)
 Metaspace       used 35078K, capacity 35727K, committed 35840K, reserved 1081344K
  class space    used 4515K, capacity 4775K, committed 4864K, reserved 1048576K
}
Event: 17.680 GC heap before
{Heap before GC invocations=9 (full 0):
 garbage-first heap   total 196608K, used 98567K [0x00000000a0000000, 0x0000000100000000)
  region size 1024K, 82 young (83968K), 9 survivors (9216K)
 Metaspace       used 41899K, capacity 42759K, committed 42880K, reserved 1087488K
  class space    used 5372K, capacity 5706K, committed 5760K, reserved 1048576K
}
Event: 17.704 GC heap after
{Heap after GC invocations=10 (full 0):
 garbage-first heap   total 196608K, used 25827K [0x00000000a0000000, 0x0000000100000000)
  region size 1024K, 10 young (10240K), 10 survivors (10240K)
 Metaspace       used 41899K, capacity 42759K, committed 42880K, reserved 1087488K
  class space    used 5372K, capacity 5706K, committed 5760K, reserved 1048576K
}
Event: 25.111 GC heap before
{Heap before GC invocations=11 (full 0):
 garbage-first heap   total 196608K, used 132323K [0x00000000a0000000, 0x0000000100000000)
  region size 1024K, 112 young (114688K), 10 survivors (10240K)
 Metaspace       used 49924K, capacity 51114K, committed 51456K, reserved 1093632K
  class space    used 6359K, capacity 6787K, committed 6912K, reserved 1048576K
}
Event: 25.140 GC heap after
{Heap after GC invocations=12 (full 0):
 garbage-first heap   total 196608K, used 37502K [0x00000000a0000000, 0x0000000100000000)
  region size 1024K, 13 young (13312K), 13 survivors (13312K)
 Metaspace       used 49924K, capacity 51114K, committed 51456K, reserved 1093632K
  class space    used 6359K, capacity 6787K, committed 6912K, reserved 1048576K
}
Event: 29.662 GC heap before
{Heap before GC invocations=12 (full 0):
 garbage-first heap   total 196608K, used 136830K [0x00000000a0000000, 0x0000000100000000)
  region size 1024K, 110 young (112640K), 13 survivors (13312K)
 Metaspace       used 59220K, capacity 60540K, committed 60672K, reserved 1101824K
  class space    used 7479K, capacity 7928K, committed 7936K, reserved 1048576K
}
Event: 29.687 GC heap after
{Heap after GC invocations=13 (full 0):
 garbage-first heap   total 196608K, used 44907K [0x00000000a0000000, 0x0000000100000000)
  region size 1024K, 7 young (7168K), 7 survivors (7168K)
 Metaspace       used 59220K, capacity 60540K, committed 60672K, reserved 1101824K
  class space    used 7479K, capacity 7928K, committed 7936K, reserved 1048576K
}
Event: 32.849 GC heap before
{Heap before GC invocations=13 (full 0):
 garbage-first heap   total 196608K, used 143211K [0x00000000a0000000, 0x0000000100000000)
  region size 1024K, 103 young (105472K), 7 survivors (7168K)
 Metaspace       used 65223K, capacity 66925K, committed 67200K, reserved 1107968K
  class space    used 8426K, capacity 9010K, committed 9088K, reserved 1048576K
}
Event: 32.872 GC heap after
{Heap after GC invocations=14 (full 0):
 garbage-first heap   total 196608K, used 50707K [0x00000000a0000000, 0x0000000100000000)
  region size 1024K, 13 young (13312K), 13 survivors (13312K)
 Metaspace       used 65223K, capacity 66925K, committed 67200K, reserved 1107968K
  class space    used 8426K, capacity 9010K, committed 9088K, reserved 1048576K
}
Event: 37.930 GC heap before
{Heap before GC invocations=14 (full 0):
 garbage-first heap   total 196608K, used 149011K [0x00000000a0000000, 0x0000000100000000)
  region size 1024K, 107 young (109568K), 13 survivors (13312K)
 Metaspace       used 68502K, capacity 70559K, committed 70912K, reserved 1110016K
  class space    used 8888K, capacity 9622K, committed 9728K, reserved 1048576K
}
Event: 37.974 GC heap after
{Heap after GC invocations=15 (full 0):
 garbage-first heap   total 196608K, used 64512K [0x00000000a0000000, 0x0000000100000000)
  region size 1024K, 14 young (14336K), 14 survivors (14336K)
 Metaspace       used 68502K, capacity 70559K, committed 70912K, reserved 1110016K
  class space    used 8888K, capacity 9622K, committed 9728K, reserved 1048576K
}
Event: 39.172 GC heap before
{Heap before GC invocations=15 (full 0):
 garbage-first heap   total 196608K, used 83968K [0x00000000a0000000, 0x0000000100000000)
  region size 1024K, 34 young (34816K), 14 survivors (14336K)
 Metaspace       used 69757K, capacity 71744K, committed 71808K, reserved 1112064K
  class space    used 9079K, capacity 9802K, committed 9856K, reserved 1048576K
}
Event: 39.209 GC heap after
{Heap after GC invocations=16 (full 0):
 garbage-first heap   total 196608K, used 68463K [0x00000000a0000000, 0x0000000100000000)
  region size 1024K, 4 young (4096K), 4 survivors (4096K)
 Metaspace       used 69757K, capacity 71744K, committed 71808K, reserved 1112064K
  class space    used 9079K, capacity 9802K, committed 9856K, reserved 1048576K
}

Deoptimization events (20 events):
Event: 39.271 Thread 0x000000005d0c7000 DEOPT PACKING pc=0x000000000dc28eac sp=0x0000000061a897a0
Event: 39.271 Thread 0x000000005d0c7000 DEOPT UNPACKING pc=0x0000000005ea73af sp=0x0000000061a896c0 mode 2
Event: 39.272 Thread 0x000000005d0c7000 Uncommon trap: trap_request=0xffffffbe fr.pc=0x000000000dc28eac relative=0x0000000000000c8c
Event: 39.272 Thread 0x000000005d0c7000 Uncommon trap: reason=profile_predicate action=maybe_recompile pc=0x000000000dc28eac method=java.util.TreeMap.getEntryUsingComparator(Ljava/lang/Object;)Ljava/util/TreeMap$Entry; @ 19 c2
Event: 39.272 Thread 0x000000005d0c7000 DEOPT PACKING pc=0x000000000dc28eac sp=0x0000000061a897a0
Event: 39.272 Thread 0x000000005d0c7000 DEOPT UNPACKING pc=0x0000000005ea73af sp=0x0000000061a896c0 mode 2
Event: 39.278 Thread 0x000000005d0c7000 Uncommon trap: trap_request=0xffffffbe fr.pc=0x000000000dc28eac relative=0x0000000000000c8c
Event: 39.278 Thread 0x000000005d0c7000 Uncommon trap: reason=profile_predicate action=maybe_recompile pc=0x000000000dc28eac method=java.util.TreeMap.getEntryUsingComparator(Ljava/lang/Object;)Ljava/util/TreeMap$Entry; @ 19 c2
Event: 39.278 Thread 0x000000005d0c7000 DEOPT PACKING pc=0x000000000dc28eac sp=0x0000000061a897a0
Event: 39.278 Thread 0x000000005d0c7000 DEOPT UNPACKING pc=0x0000000005ea73af sp=0x0000000061a896c0 mode 2
Event: 39.279 Thread 0x000000005d0c7000 DEOPT PACKING pc=0x0000000006fc279c sp=0x0000000061a88600
Event: 39.279 Thread 0x000000005d0c7000 DEOPT UNPACKING pc=0x0000000005ea71ce sp=0x0000000061a87b20 mode 0
Event: 39.319 Thread 0x000000005d0c7000 Uncommon trap: trap_request=0xffffffbe fr.pc=0x000000000dc28eac relative=0x0000000000000c8c
Event: 39.319 Thread 0x000000005d0c7000 Uncommon trap: reason=profile_predicate action=maybe_recompile pc=0x000000000dc28eac method=java.util.TreeMap.getEntryUsingComparator(Ljava/lang/Object;)Ljava/util/TreeMap$Entry; @ 19 c2
Event: 39.319 Thread 0x000000005d0c7000 DEOPT PACKING pc=0x000000000dc28eac sp=0x0000000061a897a0
Event: 39.319 Thread 0x000000005d0c7000 DEOPT UNPACKING pc=0x0000000005ea73af sp=0x0000000061a896c0 mode 2
Event: 39.321 Thread 0x000000005d0c7000 DEOPT PACKING pc=0x00000000070a85cd sp=0x0000000061a87b40
Event: 39.322 Thread 0x000000005d0c7000 DEOPT UNPACKING pc=0x0000000005ea71ce sp=0x0000000061a870a0 mode 0
Event: 39.347 Thread 0x000000005d0c7000 DEOPT PACKING pc=0x00000000070a85cd sp=0x0000000061a89750
Event: 39.347 Thread 0x000000005d0c7000 DEOPT UNPACKING pc=0x0000000005ea71ce sp=0x0000000061a88cb0 mode 0

Classes redefined (0 events):
No events

Internal exceptions (20 events):
Event: 37.929 Thread 0x000000005d0c7000 Exception <a 'java/lang/ClassNotFoundException'{0x00000000a62d9de8}: com/android/build/gradle/internal/api/DefaultAndroidSourceSet_DecoratedBeanInfo> (0x00000000a62d9de8) thrown at [./src/hotspot/share/classfile/systemDictionary.cpp, line 231]
Event: 37.930 Thread 0x000000005d0c7000 Exception <a 'java/lang/ClassNotFoundException'{0x00000000a62f4c28}: com/android/build/gradle/internal/api/DefaultAndroidSourceSetBeanInfo> (0x00000000a62f4c28) thrown at [./src/hotspot/share/classfile/systemDictionary.cpp, line 231]
Event: 37.975 Thread 0x000000005d0c7000 Exception <a 'java/lang/ClassNotFoundException'{0x00000000abf0ffa0}: com/android/build/gradle/internal/api/DefaultAndroidSourceSetCustomizer> (0x00000000abf0ffa0) thrown at [./src/hotspot/share/classfile/systemDictionary.cpp, line 231]
Event: 37.981 Thread 0x000000005d0c7000 Exception <a 'java/lang/ClassNotFoundException'{0x00000000abf7e7f8}: com/android/build/gradle/internal/api/DefaultAndroidSourceSet_DecoratedCustomizer> (0x00000000abf7e7f8) thrown at [./src/hotspot/share/classfile/systemDictionary.cpp, line 231]
Event: 37.985 Thread 0x000000005d0c7000 Exception <a 'java/lang/ClassNotFoundException'{0x00000000abffca78}: com/android/build/gradle/internal/api/DefaultAndroidSourceDirectorySetBeanInfo> (0x00000000abffca78) thrown at [./src/hotspot/share/classfile/systemDictionary.cpp, line 231]
Event: 37.986 Thread 0x000000005d0c7000 Exception <a 'java/lang/ClassNotFoundException'{0x00000000abe19218}: com/android/build/gradle/internal/api/DefaultAndroidSourceDirectorySetCustomizer> (0x00000000abe19218) thrown at [./src/hotspot/share/classfile/systemDictionary.cpp, line 231]
Event: 37.992 Thread 0x000000005d0c7000 Exception <a 'java/lang/ClassNotFoundException'{0x00000000abd34098}: com/google/common/collect/SingletonImmutableSetBeanInfo> (0x00000000abd34098) thrown at [./src/hotspot/share/classfile/systemDictionary.cpp, line 231]
Event: 37.992 Thread 0x000000005d0c7000 Exception <a 'java/lang/ClassNotFoundException'{0x00000000abd4b530}: com/google/common/collect/ImmutableSetBeanInfo> (0x00000000abd4b530) thrown at [./src/hotspot/share/classfile/systemDictionary.cpp, line 231]
Event: 37.993 Thread 0x000000005d0c7000 Exception <a 'java/lang/ClassNotFoundException'{0x00000000abd63ca0}: com/google/common/collect/ImmutableCollectionBeanInfo> (0x00000000abd63ca0) thrown at [./src/hotspot/share/classfile/systemDictionary.cpp, line 231]
Event: 37.993 Thread 0x000000005d0c7000 Exception <a 'java/lang/ClassNotFoundException'{0x00000000abd7c490}: com/google/common/collect/ImmutableCollectionCustomizer> (0x00000000abd7c490) thrown at [./src/hotspot/share/classfile/systemDictionary.cpp, line 231]
Event: 37.994 Thread 0x000000005d0c7000 Exception <a 'java/lang/ClassNotFoundException'{0x00000000abda2330}: com/google/common/collect/ImmutableSetCustomizer> (0x00000000abda2330) thrown at [./src/hotspot/share/classfile/systemDictionary.cpp, line 231]
Event: 37.995 Thread 0x000000005d0c7000 Exception <a 'java/lang/ClassNotFoundException'{0x00000000abdd2ac8}: com/google/common/collect/SingletonImmutableSetCustomizer> (0x00000000abdd2ac8) thrown at [./src/hotspot/share/classfile/systemDictionary.cpp, line 231]
Event: 38.019 Thread 0x000000005d0c7000 Exception <a 'java/lang/ClassNotFoundException'{0x00000000abc71f90}: com/android/build/gradle/internal/dsl/LintOptions_DecoratedBeanInfo> (0x00000000abc71f90) thrown at [./src/hotspot/share/classfile/systemDictionary.cpp, line 231]
Event: 38.020 Thread 0x000000005d0c7000 Exception <a 'java/lang/ClassNotFoundException'{0x00000000abc8d810}: com/android/build/gradle/internal/dsl/LintOptionsBeanInfo> (0x00000000abc8d810) thrown at [./src/hotspot/share/classfile/systemDictionary.cpp, line 231]
Event: 38.020 Thread 0x000000005d0c7000 Exception <a 'java/lang/ClassNotFoundException'{0x00000000abca7288}: com/android/build/gradle/internal/dsl/LintOptionsCustomizer> (0x00000000abca7288) thrown at [./src/hotspot/share/classfile/systemDictionary.cpp, line 231]
Event: 38.022 Thread 0x000000005d0c7000 Exception <a 'java/lang/ClassNotFoundException'{0x00000000abcfd6b8}: com/android/build/gradle/internal/dsl/LintOptions_DecoratedCustomizer> (0x00000000abcfd6b8) thrown at [./src/hotspot/share/classfile/systemDictionary.cpp, line 231]
Event: 39.257 Thread 0x000000005d0c7000 Exception <a 'java/lang/ClassNotFoundException'{0x00000000abff66d0}: com/android/build/gradle/internal/api/LibraryVariantOutputImpl_DecoratedBeanInfo> (0x00000000abff66d0) thrown at [./src/hotspot/share/classfile/systemDictionary.cpp, line 231]
Event: 39.258 Thread 0x000000005d0c7000 Exception <a 'java/lang/ClassNotFoundException'{0x00000000abe0b410}: com/android/build/gradle/internal/api/LibraryVariantOutputImplBeanInfo> (0x00000000abe0b410) thrown at [./src/hotspot/share/classfile/systemDictionary.cpp, line 231]
Event: 39.258 Thread 0x000000005d0c7000 Exception <a 'java/lang/ClassNotFoundException'{0x00000000abe1fca8}: com/android/build/gradle/internal/api/LibraryVariantOutputImplCustomizer> (0x00000000abe1fca8) thrown at [./src/hotspot/share/classfile/systemDictionary.cpp, line 231]
Event: 39.259 Thread 0x000000005d0c7000 Exception <a 'java/lang/ClassNotFoundException'{0x00000000abe3e528}: com/android/build/gradle/internal/api/LibraryVariantOutputImpl_DecoratedCustomizer> (0x00000000abe3e528) thrown at [./src/hotspot/share/classfile/systemDictionary.cpp, line 231]

Events (20 events):
Event: 39.258 loading class com/android/build/gradle/internal/api/LibraryVariantOutputImplBeanInfo
Event: 39.258 loading class com/android/build/gradle/internal/api/LibraryVariantOutputImplBeanInfo done
Event: 39.258 loading class com/android/build/gradle/internal/api/LibraryVariantOutputImplCustomizer
Event: 39.258 loading class com/android/build/gradle/internal/api/LibraryVariantOutputImplCustomizer done
Event: 39.258 loading class com/android/build/gradle/internal/api/LibraryVariantOutputImplCustomizer
Event: 39.258 loading class com/android/build/gradle/internal/api/LibraryVariantOutputImplCustomizer done
Event: 39.258 loading class com/android/build/gradle/internal/api/LibraryVariantOutputImplCustomizer
Event: 39.258 loading class com/android/build/gradle/internal/api/LibraryVariantOutputImplCustomizer done
Event: 39.259 loading class com/android/build/gradle/internal/api/LibraryVariantOutputImpl_DecoratedCustomizer
Event: 39.259 loading class com/android/build/gradle/internal/api/LibraryVariantOutputImpl_DecoratedCustomizer done
Event: 39.259 loading class com/android/build/gradle/internal/api/LibraryVariantOutputImpl_DecoratedCustomizer
Event: 39.259 loading class com/android/build/gradle/internal/api/LibraryVariantOutputImpl_DecoratedCustomizer done
Event: 39.259 loading class com/android/build/gradle/internal/api/LibraryVariantOutputImpl_DecoratedCustomizer
Event: 39.259 loading class com/android/build/gradle/internal/api/LibraryVariantOutputImpl_DecoratedCustomizer done
Event: 39.262 Thread 0x0000000065aa9800 Thread added: 0x0000000065aa9800
Event: 39.269 loading class org/gradle/internal/deprecation/DeprecationMessageBuilder$DeprecateBehaviour
Event: 39.269 loading class org/gradle/internal/deprecation/DeprecationMessageBuilder$DeprecateBehaviour done
Event: 39.383 loading class org/jetbrains/kotlin/gradle/plugin/AbstractAndroidProjectHandler$configureTarget$4$1
Event: 39.383 loading class org/jetbrains/kotlin/gradle/plugin/AbstractAndroidProjectHandler$configureTarget$4$1 done
Event: 39.392 Executing VM operation: CGC_Operation


Dynamic libraries:
0x000000013ff50000 - 0x000000013ff5a000 	C:\Program Files\Android\Android Studio\jre\bin\java.exe
0x0000000077380000 - 0x0000000077529000 	C:\Windows\SYSTEM32\ntdll.dll
0x0000000077260000 - 0x000000007737f000 	C:\Windows\system32\kernel32.dll
0x000007fefd630000 - 0x000007fefd69b000 	C:\Windows\system32\KERNELBASE.dll
0x000007fef7e30000 - 0x000007fef7e49000 	C:\Program Files\Android\Android Studio\jre\bin\jli.dll
0x000007fefb870000 - 0x000007fefba64000 	C:\Windows\WinSxS\amd64_microsoft.windows.common-controls_6595b64144ccf1df_6.0.7601.17514_none_fa396087175ac9ac\COMCTL32.dll
0x000007fefeb20000 - 0x000007fefebbf000 	C:\Windows\system32\msvcrt.dll
0x000007feff470000 - 0x000007feff4d7000 	C:\Windows\system32\GDI32.dll
0x0000000077160000 - 0x000000007725a000 	C:\Windows\system32\USER32.dll
0x000007feff290000 - 0x000007feff29e000 	C:\Windows\system32\LPK.dll
0x000007feff1c0000 - 0x000007feff289000 	C:\Windows\system32\USP10.dll
0x000007feff140000 - 0x000007feff1b1000 	C:\Windows\system32\SHLWAPI.dll
0x000007feef690000 - 0x000007feef6a7000 	C:\Program Files\Android\Android Studio\jre\bin\VCRUNTIME140.dll
0x000007fedcd30000 - 0x000007fedcd34000 	C:\Windows\system32\api-ms-win-crt-runtime-l1-1-0.dll
0x000007fed9860000 - 0x000007fed9952000 	C:\Windows\system32\ucrtbase.DLL
0x000007feda900000 - 0x000007feda903000 	C:\Windows\system32\api-ms-win-core-timezone-l1-1-0.dll
0x000007feda8f0000 - 0x000007feda8f3000 	C:\Windows\system32\api-ms-win-core-file-l2-1-0.dll
0x000007fed9850000 - 0x000007fed9853000 	C:\Windows\system32\api-ms-win-core-localization-l1-2-0.dll
0x000007fef7240000 - 0x000007fef7243000 	C:\Windows\system32\api-ms-win-core-synch-l1-2-0.dll
0x000007fed9840000 - 0x000007fed9843000 	C:\Windows\system32\api-ms-win-core-processthreads-l1-1-1.dll
0x000007fed9830000 - 0x000007fed9833000 	C:\Windows\system32\api-ms-win-core-file-l1-2-0.dll
0x000007fed9820000 - 0x000007fed9824000 	C:\Windows\system32\api-ms-win-crt-string-l1-1-0.dll
0x000007fed9810000 - 0x000007fed9813000 	C:\Windows\system32\api-ms-win-crt-heap-l1-1-0.dll
0x000007fed9800000 - 0x000007fed9804000 	C:\Windows\system32\api-ms-win-crt-stdio-l1-1-0.dll
0x000007fed97f0000 - 0x000007fed97f4000 	C:\Windows\system32\api-ms-win-crt-convert-l1-1-0.dll
0x000007fed97e0000 - 0x000007fed97e3000 	C:\Windows\system32\api-ms-win-crt-environment-l1-1-0.dll
0x000007fed97b0000 - 0x000007fed97b3000 	C:\Windows\system32\api-ms-win-crt-filesystem-l1-1-0.dll
0x000007fed97c0000 - 0x000007fed97c5000 	C:\Windows\system32\api-ms-win-crt-math-l1-1-0.dll
0x000007fed9420000 - 0x000007fed9423000 	C:\Windows\system32\api-ms-win-crt-locale-l1-1-0.dll
0x000007feff4e0000 - 0x000007feff50e000 	C:\Windows\system32\IMM32.DLL
0x000007fefe6f0000 - 0x000007fefe7f9000 	C:\Windows\system32\MSCTF.dll
0x000007fed74c0000 - 0x000007fed755d000 	C:\Program Files\Android\Android Studio\jre\bin\msvcp140.dll
0x000007fed9430000 - 0x000007fed9435000 	C:\Windows\system32\api-ms-win-crt-multibyte-l1-1-0.dll
0x000007fed97a0000 - 0x000007fed97a3000 	C:\Windows\system32\api-ms-win-crt-time-l1-1-0.dll
0x000007fed97d0000 - 0x000007fed97d3000 	C:\Windows\system32\api-ms-win-crt-utility-l1-1-0.dll
0x000007fed9960000 - 0x000007feda41c000 	C:\Program Files\Android\Android Studio\jre\bin\server\jvm.dll
0x000007fefe930000 - 0x000007fefea0b000 	C:\Windows\system32\ADVAPI32.dll
0x000007fefec10000 - 0x000007fefec2f000 	C:\Windows\SYSTEM32\sechost.dll
0x000007feff2a0000 - 0x000007feff3cd000 	C:\Windows\system32\RPCRT4.dll
0x000007fef8790000 - 0x000007fef8799000 	C:\Windows\system32\WSOCK32.dll
0x000007fefebc0000 - 0x000007fefec0d000 	C:\Windows\system32\WS2_32.dll
0x000007fefea30000 - 0x000007fefea38000 	C:\Windows\system32\NSI.dll
0x000007fefac10000 - 0x000007fefac4b000 	C:\Windows\system32\WINMM.dll
0x000007fefc3e0000 - 0x000007fefc3ec000 	C:\Windows\system32\VERSION.dll
0x0000000077540000 - 0x0000000077547000 	C:\Windows\system32\PSAPI.DLL
0x000007fed9780000 - 0x000007fed9791000 	C:\Program Files\Android\Android Studio\jre\bin\verify.dll
0x000007fef0300000 - 0x000007fef0425000 	C:\Windows\system32\DBGHELP.DLL
0x000007fed9750000 - 0x000007fed9779000 	C:\Program Files\Android\Android Studio\jre\bin\java.dll
0x000007fed9740000 - 0x000007fed974b000 	C:\Program Files\Android\Android Studio\jre\bin\jimage.dll
0x000007fed9720000 - 0x000007fed9738000 	C:\Program Files\Android\Android Studio\jre\bin\zip.dll
0x000007fefd960000 - 0x000007fefe6e8000 	C:\Windows\system32\SHELL32.dll
0x000007fefef30000 - 0x000007feff133000 	C:\Windows\system32\ole32.dll
0x000007fefd2d0000 - 0x000007fefd2df000 	C:\Windows\system32\profapi.dll
0x000007fed9700000 - 0x000007fed971a000 	C:\Program Files\Android\Android Studio\jre\bin\net.dll
0x000007fef9410000 - 0x000007fef9481000 	C:\Windows\system32\WINHTTP.dll
0x000007fef93a0000 - 0x000007fef9404000 	C:\Windows\system32\webio.dll
0x000007fefcb40000 - 0x000007fefcb95000 	C:\Windows\system32\mswsock.dll
0x000007fefcb30000 - 0x000007fefcb37000 	C:\Windows\System32\wship6.dll
0x000007fed96e0000 - 0x000007fed96f4000 	C:\Program Files\Android\Android Studio\jre\bin\nio.dll
0x000007feef4f0000 - 0x000007feef516000 	C:\Users\Ragu\.gradle\native\fdc75f09e3144964f2cf3f50f0aa648679c211496f362492102eb8c894070792\windows-amd64\native-platform.dll
0x000007fecb820000 - 0x000007fecb9b1000 	C:\Users\Ragu\.gradle\native\12488b8bf47d2d4c9fbf2f6322a914ad602e24e48041cd04a747c6da556b65c4\windows-amd64\native-platform-file-events.dll
0x000007fed96d0000 - 0x000007fed96da000 	C:\Program Files\Android\Android Studio\jre\bin\management.dll
0x000007fed96c0000 - 0x000007fed96cc000 	C:\Program Files\Android\Android Studio\jre\bin\management_ext.dll
0x000007fefcba0000 - 0x000007fefcbb8000 	C:\Windows\system32\CRYPTSP.dll
0x000007fefc8a0000 - 0x000007fefc8e7000 	C:\Windows\system32\rsaenh.dll
0x000007fefc620000 - 0x000007fefc63e000 	C:\Windows\system32\USERENV.dll
0x000007fefd200000 - 0x000007fefd20f000 	C:\Windows\system32\CRYPTBASE.dll
0x000007fefa750000 - 0x000007fefa777000 	C:\Windows\system32\IPHLPAPI.DLL
0x000007fefa730000 - 0x000007fefa73b000 	C:\Windows\system32\WINNSI.DLL
0x000007fefa540000 - 0x000007fefa558000 	C:\Windows\system32\dhcpcsvc.DLL
0x000007fefa520000 - 0x000007fefa531000 	C:\Windows\system32\dhcpcsvc6.DLL

dbghelp: loaded successfully - version: 4.0.5 - missing functions: none
symbol engine: initialized successfully - sym options: 0x614 - pdb path: .;C:\Program Files\Android\Android Studio\jre\bin;C:\Windows\SYSTEM32;C:\Windows\WinSxS\amd64_microsoft.windows.common-controls_6595b64144ccf1df_6.0.7601.17514_none_fa396087175ac9ac;C:\Program Files\Android\Android Studio\jre\bin\server;C:\Users\Ragu\.gradle\native\fdc75f09e3144964f2cf3f50f0aa648679c211496f362492102eb8c894070792\windows-amd64;C:\Users\Ragu\.gradle\native\12488b8bf47d2d4c9fbf2f6322a914ad602e24e48041cd04a747c6da556b65c4\windows-amd64

VM Arguments:
jvm_args: --add-opens=java.base/java.util=ALL-UNNAMED --add-opens=java.base/java.lang=ALL-UNNAMED --add-opens=java.base/java.lang.invoke=ALL-UNNAMED --add-opens=java.prefs/java.util.prefs=ALL-UNNAMED -Xmx1536M -Dfile.encoding=windows-1252 -Duser.country=IN -Duser.language=en -Duser.variant 
java_command: org.gradle.launcher.daemon.bootstrap.GradleDaemon 6.7
java_class_path (initial): C:\Users\Ragu\.gradle\wrapper\dists\gradle-6.7-all\cuy9mc7upwgwgeb72wkcrupxe\gradle-6.7\lib\gradle-launcher-6.7.jar
Launcher Type: SUN_STANDARD

[Global flags]
     intx CICompilerCount                          = 3                                         {product} {ergonomic}
     uint ConcGCThreads                            = 1                                         {product} {ergonomic}
     uint G1ConcRefinementThreads                  = 4                                         {product} {ergonomic}
   size_t G1HeapRegionSize                         = 1048576                                   {product} {ergonomic}
    uintx GCDrainStackTargetSize                   = 64                                        {product} {ergonomic}
   size_t InitialHeapSize                          = 201326592                                 {product} {ergonomic}
   size_t MarkStackSize                            = 4194304                                   {product} {ergonomic}
   size_t MaxHeapSize                              = 1610612736                                {product} {command line}
   size_t MaxNewSize                               = 965738496                                 {product} {ergonomic}
   size_t MinHeapDeltaBytes                        = 1048576                                   {product} {ergonomic}
    uintx NonNMethodCodeHeapSize                   = 5830732                                {pd product} {ergonomic}
    uintx NonProfiledCodeHeapSize                  = 122913754                              {pd product} {ergonomic}
    uintx ProfiledCodeHeapSize                     = 122913754                              {pd product} {ergonomic}
    uintx ReservedCodeCacheSize                    = 251658240                              {pd product} {ergonomic}
     bool SegmentedCodeCache                       = true                                      {product} {ergonomic}
     bool UseCompressedClassPointers               = true                                 {lp64_product} {ergonomic}
     bool UseCompressedOops                        = true                                 {lp64_product} {ergonomic}
     bool UseG1GC                                  = true                                      {product} {ergonomic}
     bool UseLargePagesIndividualAllocation        = false                                  {pd product} {ergonomic}

Logging:
Log output configuration:
 #0: stdout all=warning uptime,level,tags
 #1: stderr all=off uptime,level,tags

Environment Variables:
JAVA_HOME=C:\Program Files\Android\Android Studio\jre
CLASSPATH=C:\Users\Ragu\AndroidStudioProjects\queuemanagement\android\\gradle\wrapper\gradle-wrapper.jar
PATH=C:\Windows\System32\WindowsPowerShell\v1.0;C:\Windows\System32;C:\Users\Ragu\flutter\bin;C:\Windows\System32\WindowsPowerShell\v1.0;E:\flutter\bin\mingit\cmd
USERNAME=Sowndarya-BUI0064
OS=Windows_NT
PROCESSOR_IDENTIFIER=Intel64 Family 6 Model 69 Stepping 1, GenuineIntel



---------------  S Y S T E M  ---------------

OS: Windows 7 , 64 bit Build 7601 (6.1.7601.17514)
OS uptime: 0 days 2:45 hours

CPU:total 4 (initial active 4) (2 cores per cpu, 2 threads per core) family 6 model 69 stepping 1, cmov, cx8, fxsr, mmx, sse, sse2, sse3, ssse3, sse4.1, sse4.2, popcnt, avx, avx2, aes, clmul, erms, lzcnt, ht, tsc, tscinvbit, bmi1, bmi2, fma

Memory: 4k page, system-wide physical 12176M (3525M free)
TotalPageFile size 24350M (AvailPageFile size 14254M)
current process WorkingSet (physical memory assigned to process): 398M, peak: 398M
current process commit charge ("private bytes"): 442M, peak: 464M

vm_info: OpenJDK 64-Bit Server VM (11.0.8+10-b944.6842174) for windows-amd64 JRE (11.0.8+10-b944.6842174), built on Sep 19 2020 01:11:42 by "builder" with MS VC++ 14.0 (VS2015)

END.
